{
  "numTotalTestSuites": 100,
  "numPassedTestSuites": 77,
  "numFailedTestSuites": 23,
  "numPendingTestSuites": 0,
  "numTotalTests": 180,
  "numPassedTests": 158,
  "numFailedTests": 22,
  "numPendingTests": 0,
  "numTodoTests": 0,
  "snapshot": {
    "added": 0,
    "failure": false,
    "filesAdded": 0,
    "filesRemoved": 0,
    "filesRemovedList": [],
    "filesUnmatched": 0,
    "filesUpdated": 0,
    "matched": 0,
    "total": 0,
    "unchecked": 0,
    "uncheckedKeysByFile": [],
    "unmatched": 0,
    "updated": 0,
    "didUpdate": false
  },
  "startTime": 1779217771143,
  "success": false,
  "testResults": [
    {
      "assertionResults": [
        {
          "ancestorTitles": ["App"],
          "fullName": "App renders and provides routing for root path",
          "status": "failed",
          "title": "renders and provides routing for root path",
          "duration": 135.74790000000007,
          "failureMessages": [
            "Error: No window.location.(origin|href) available to create URL for href: /\n    at invariant (f:\\Projects\\otus-js-b-course-project\\node_modules\\@remix-run\\router\\history.ts:494:11)\n    at createURL (f:\\Projects\\otus-js-b-course-project\\node_modules\\@remix-run\\router\\history.ts:697:5)\n    at Object.encodeLocation (f:\\Projects\\otus-js-b-course-project\\node_modules\\@remix-run\\router\\history.ts:729:17)\n    at map (f:\\Projects\\otus-js-b-course-project\\node_modules\\react-router\\lib\\hooks.tsx:476:27)\n    at Array.map (<anonymous>)\n    at useRoutesImpl (f:\\Projects\\otus-js-b-course-project\\node_modules\\react-router\\lib\\hooks.tsx:469:15)\n    at useRoutes (f:\\Projects\\otus-js-b-course-project\\node_modules\\react-router\\lib\\hooks.tsx:344:10)\n    at Routes (f:\\Projects\\otus-js-b-course-project\\node_modules\\react-router\\lib\\components.tsx:515:10)\n    at renderWithHooks (f:\\Projects\\otus-js-b-course-project\\node_modules\\react-dom\\cjs\\react-dom.development.js:15486:18)\n    at mountIndeterminateComponent (f:\\Projects\\otus-js-b-course-project\\node_modules\\react-dom\\cjs\\react-dom.development.js:20103:13)"
          ],
          "meta": {}
        },
        {
          "ancestorTitles": ["App"],
          "fullName": "App renders login page at /login",
          "status": "failed",
          "title": "renders login page at /login",
          "duration": 17.30470000000014,
          "failureMessages": [
            "Error: No window.location.(origin|href) available to create URL for href: /\n    at invariant (f:\\Projects\\otus-js-b-course-project\\node_modules\\@remix-run\\router\\history.ts:494:11)\n    at createURL (f:\\Projects\\otus-js-b-course-project\\node_modules\\@remix-run\\router\\history.ts:697:5)\n    at Object.encodeLocation (f:\\Projects\\otus-js-b-course-project\\node_modules\\@remix-run\\router\\history.ts:729:17)\n    at map (f:\\Projects\\otus-js-b-course-project\\node_modules\\react-router\\lib\\hooks.tsx:476:27)\n    at Array.map (<anonymous>)\n    at useRoutesImpl (f:\\Projects\\otus-js-b-course-project\\node_modules\\react-router\\lib\\hooks.tsx:469:15)\n    at useRoutes (f:\\Projects\\otus-js-b-course-project\\node_modules\\react-router\\lib\\hooks.tsx:344:10)\n    at Routes (f:\\Projects\\otus-js-b-course-project\\node_modules\\react-router\\lib\\components.tsx:515:10)\n    at renderWithHooks (f:\\Projects\\otus-js-b-course-project\\node_modules\\react-dom\\cjs\\react-dom.development.js:15486:18)\n    at mountIndeterminateComponent (f:\\Projects\\otus-js-b-course-project\\node_modules\\react-dom\\cjs\\react-dom.development.js:20103:13)"
          ],
          "meta": {}
        },
        {
          "ancestorTitles": ["App"],
          "fullName": "App renders register page at /register",
          "status": "failed",
          "title": "renders register page at /register",
          "duration": 5.8322000000002845,
          "failureMessages": [
            "Error: No window.location.(origin|href) available to create URL for href: /\n    at invariant (f:\\Projects\\otus-js-b-course-project\\node_modules\\@remix-run\\router\\history.ts:494:11)\n    at createURL (f:\\Projects\\otus-js-b-course-project\\node_modules\\@remix-run\\router\\history.ts:697:5)\n    at Object.encodeLocation (f:\\Projects\\otus-js-b-course-project\\node_modules\\@remix-run\\router\\history.ts:729:17)\n    at map (f:\\Projects\\otus-js-b-course-project\\node_modules\\react-router\\lib\\hooks.tsx:476:27)\n    at Array.map (<anonymous>)\n    at useRoutesImpl (f:\\Projects\\otus-js-b-course-project\\node_modules\\react-router\\lib\\hooks.tsx:469:15)\n    at useRoutes (f:\\Projects\\otus-js-b-course-project\\node_modules\\react-router\\lib\\hooks.tsx:344:10)\n    at Routes (f:\\Projects\\otus-js-b-course-project\\node_modules\\react-router\\lib\\components.tsx:515:10)\n    at renderWithHooks (f:\\Projects\\otus-js-b-course-project\\node_modules\\react-dom\\cjs\\react-dom.development.js:15486:18)\n    at mountIndeterminateComponent (f:\\Projects\\otus-js-b-course-project\\node_modules\\react-dom\\cjs\\react-dom.development.js:20103:13)"
          ],
          "meta": {}
        },
        {
          "ancestorTitles": ["App"],
          "fullName": "App renders not found page for unknown routes",
          "status": "failed",
          "title": "renders not found page for unknown routes",
          "duration": 4.976700000000164,
          "failureMessages": [
            "Error: No window.location.(origin|href) available to create URL for href: /\n    at invariant (f:\\Projects\\otus-js-b-course-project\\node_modules\\@remix-run\\router\\history.ts:494:11)\n    at createURL (f:\\Projects\\otus-js-b-course-project\\node_modules\\@remix-run\\router\\history.ts:697:5)\n    at Object.encodeLocation (f:\\Projects\\otus-js-b-course-project\\node_modules\\@remix-run\\router\\history.ts:729:17)\n    at map (f:\\Projects\\otus-js-b-course-project\\node_modules\\react-router\\lib\\hooks.tsx:476:27)\n    at Array.map (<anonymous>)\n    at useRoutesImpl (f:\\Projects\\otus-js-b-course-project\\node_modules\\react-router\\lib\\hooks.tsx:469:15)\n    at useRoutes (f:\\Projects\\otus-js-b-course-project\\node_modules\\react-router\\lib\\hooks.tsx:344:10)\n    at Routes (f:\\Projects\\otus-js-b-course-project\\node_modules\\react-router\\lib\\components.tsx:515:10)\n    at renderWithHooks (f:\\Projects\\otus-js-b-course-project\\node_modules\\react-dom\\cjs\\react-dom.development.js:15486:18)\n    at mountIndeterminateComponent (f:\\Projects\\otus-js-b-course-project\\node_modules\\react-dom\\cjs\\react-dom.development.js:20103:13)"
          ],
          "meta": {}
        },
        {
          "ancestorTitles": ["App"],
          "fullName": "App renders movies list at /movies",
          "status": "failed",
          "title": "renders movies list at /movies",
          "duration": 6.3753999999999,
          "failureMessages": [
            "Error: No window.location.(origin|href) available to create URL for href: /\n    at invariant (f:\\Projects\\otus-js-b-course-project\\node_modules\\@remix-run\\router\\history.ts:494:11)\n    at createURL (f:\\Projects\\otus-js-b-course-project\\node_modules\\@remix-run\\router\\history.ts:697:5)\n    at Object.encodeLocation (f:\\Projects\\otus-js-b-course-project\\node_modules\\@remix-run\\router\\history.ts:729:17)\n    at map (f:\\Projects\\otus-js-b-course-project\\node_modules\\react-router\\lib\\hooks.tsx:476:27)\n    at Array.map (<anonymous>)\n    at useRoutesImpl (f:\\Projects\\otus-js-b-course-project\\node_modules\\react-router\\lib\\hooks.tsx:469:15)\n    at useRoutes (f:\\Projects\\otus-js-b-course-project\\node_modules\\react-router\\lib\\hooks.tsx:344:10)\n    at Routes (f:\\Projects\\otus-js-b-course-project\\node_modules\\react-router\\lib\\components.tsx:515:10)\n    at renderWithHooks (f:\\Projects\\otus-js-b-course-project\\node_modules\\react-dom\\cjs\\react-dom.development.js:15486:18)\n    at mountIndeterminateComponent (f:\\Projects\\otus-js-b-course-project\\node_modules\\react-dom\\cjs\\react-dom.development.js:20103:13)"
          ],
          "meta": {}
        },
        {
          "ancestorTitles": ["App"],
          "fullName": "App renders users list at /users",
          "status": "failed",
          "title": "renders users list at /users",
          "duration": 5.319899999999961,
          "failureMessages": [
            "Error: No window.location.(origin|href) available to create URL for href: /\n    at invariant (f:\\Projects\\otus-js-b-course-project\\node_modules\\@remix-run\\router\\history.ts:494:11)\n    at createURL (f:\\Projects\\otus-js-b-course-project\\node_modules\\@remix-run\\router\\history.ts:697:5)\n    at Object.encodeLocation (f:\\Projects\\otus-js-b-course-project\\node_modules\\@remix-run\\router\\history.ts:729:17)\n    at map (f:\\Projects\\otus-js-b-course-project\\node_modules\\react-router\\lib\\hooks.tsx:476:27)\n    at Array.map (<anonymous>)\n    at useRoutesImpl (f:\\Projects\\otus-js-b-course-project\\node_modules\\react-router\\lib\\hooks.tsx:469:15)\n    at useRoutes (f:\\Projects\\otus-js-b-course-project\\node_modules\\react-router\\lib\\hooks.tsx:344:10)\n    at Routes (f:\\Projects\\otus-js-b-course-project\\node_modules\\react-router\\lib\\components.tsx:515:10)\n    at renderWithHooks (f:\\Projects\\otus-js-b-course-project\\node_modules\\react-dom\\cjs\\react-dom.development.js:15486:18)\n    at mountIndeterminateComponent (f:\\Projects\\otus-js-b-course-project\\node_modules\\react-dom\\cjs\\react-dom.development.js:20103:13)"
          ],
          "meta": {}
        }
      ],
      "startTime": 1779217776204,
      "endTime": 1779217776380.3198,
      "status": "failed",
      "message": "",
      "name": "f:/Projects/otus-js-b-course-project/src/test/App.test.tsx"
    },
    {
      "assertionResults": [
        {
          "ancestorTitles": ["authApi", "login"],
          "fullName": "authApi login calls POST /auth/login and returns auth response",
          "status": "passed",
          "title": "calls POST /auth/login and returns auth response",
          "duration": 5.228399999999965,
          "failureMessages": [],
          "meta": {}
        },
        {
          "ancestorTitles": ["authApi", "register"],
          "fullName": "authApi register calls POST /auth/register and returns auth response",
          "status": "passed",
          "title": "calls POST /auth/register and returns auth response",
          "duration": 0.8616000000001804,
          "failureMessages": [],
          "meta": {}
        },
        {
          "ancestorTitles": ["authApi", "updateProfile"],
          "fullName": "authApi updateProfile calls PUT /auth/profile and returns user data",
          "status": "passed",
          "title": "calls PUT /auth/profile and returns user data",
          "duration": 0.7294999999999163,
          "failureMessages": [],
          "meta": {}
        },
        {
          "ancestorTitles": ["authApi", "logout"],
          "fullName": "authApi logout removes token and user from localStorage",
          "status": "passed",
          "title": "removes token and user from localStorage",
          "duration": 0.5291999999999462,
          "failureMessages": [],
          "meta": {}
        }
      ],
      "startTime": 1779217778976,
      "endTime": 1779217778983.5293,
      "status": "passed",
      "message": "",
      "name": "f:/Projects/otus-js-b-course-project/src/test/api/auth.test.ts"
    },
    {
      "assertionResults": [
        {
          "ancestorTitles": ["ApiError class"],
          "fullName": "ApiError class creates ApiError with status and message",
          "status": "passed",
          "title": "creates ApiError with status and message",
          "duration": 2.505100000000084,
          "failureMessages": [],
          "meta": {}
        },
        {
          "ancestorTitles": ["ApiError class"],
          "fullName": "ApiError class creates ApiError with default values",
          "status": "passed",
          "title": "creates ApiError with default values",
          "duration": 0.3268999999997959,
          "failureMessages": [],
          "meta": {}
        },
        {
          "ancestorTitles": ["ApiError class"],
          "fullName": "ApiError class creates ApiError with partial field errors",
          "status": "passed",
          "title": "creates ApiError with partial field errors",
          "duration": 0.22729999999978645,
          "failureMessages": [],
          "meta": {}
        },
        {
          "ancestorTitles": ["axios instance"],
          "fullName": "axios instance creates axios instance with correct base URL",
          "status": "passed",
          "title": "creates axios instance with correct base URL",
          "duration": 2.5220999999999094,
          "failureMessages": [],
          "meta": {}
        }
      ],
      "startTime": 1779217780872,
      "endTime": 1779217780878.5222,
      "status": "passed",
      "message": "",
      "name": "f:/Projects/otus-js-b-course-project/src/test/api/axios.test.ts"
    },
    {
      "assertionResults": [
        {
          "ancestorTitles": ["commentsApi", "getAll"],
          "fullName": "commentsApi getAll calls GET /evenings/:id/comments",
          "status": "passed",
          "title": "calls GET /evenings/:id/comments",
          "duration": 22.02669999999989,
          "failureMessages": [],
          "meta": {}
        },
        {
          "ancestorTitles": ["commentsApi", "getAll"],
          "fullName": "commentsApi getAll returns empty array when no comments",
          "status": "passed",
          "title": "returns empty array when no comments",
          "duration": 0.7010999999997694,
          "failureMessages": [],
          "meta": {}
        },
        {
          "ancestorTitles": ["commentsApi", "create"],
          "fullName": "commentsApi create calls POST /evenings/:id/comments",
          "status": "passed",
          "title": "calls POST /evenings/:id/comments",
          "duration": 0.9812999999999192,
          "failureMessages": [],
          "meta": {}
        }
      ],
      "startTime": 1779217779203,
      "endTime": 1779217779226.9812,
      "status": "passed",
      "message": "",
      "name": "f:/Projects/otus-js-b-course-project/src/test/api/comments.test.ts"
    },
    {
      "assertionResults": [
        {
          "ancestorTitles": ["eveningsApi", "getAll"],
          "fullName": "eveningsApi getAll calls GET /evenings with pagination",
          "status": "passed",
          "title": "calls GET /evenings with pagination",
          "duration": 14.426300000000083,
          "failureMessages": [],
          "meta": {}
        },
        {
          "ancestorTitles": ["eveningsApi", "getAll"],
          "fullName": "eveningsApi getAll passes filter and createdBy params",
          "status": "passed",
          "title": "passes filter and createdBy params",
          "duration": 1.0360000000000582,
          "failureMessages": [],
          "meta": {}
        },
        {
          "ancestorTitles": ["eveningsApi", "getById"],
          "fullName": "eveningsApi getById calls GET /evenings/:id",
          "status": "passed",
          "title": "calls GET /evenings/:id",
          "duration": 0.6799000000000888,
          "failureMessages": [],
          "meta": {}
        },
        {
          "ancestorTitles": ["eveningsApi", "create"],
          "fullName": "eveningsApi create calls POST /evenings",
          "status": "passed",
          "title": "calls POST /evenings",
          "duration": 0.607300000000123,
          "failureMessages": [],
          "meta": {}
        },
        {
          "ancestorTitles": ["eveningsApi", "update"],
          "fullName": "eveningsApi update calls PUT /evenings/:id",
          "status": "passed",
          "title": "calls PUT /evenings/:id",
          "duration": 0.5703999999996086,
          "failureMessages": [],
          "meta": {}
        },
        {
          "ancestorTitles": ["eveningsApi", "delete"],
          "fullName": "eveningsApi delete calls DELETE /evenings/:id",
          "status": "passed",
          "title": "calls DELETE /evenings/:id",
          "duration": 0.4479999999998654,
          "failureMessages": [],
          "meta": {}
        },
        {
          "ancestorTitles": ["eveningsApi", "addMovie"],
          "fullName": "eveningsApi addMovie calls POST /evenings/:id/movies",
          "status": "passed",
          "title": "calls POST /evenings/:id/movies",
          "duration": 0.5250999999998385,
          "failureMessages": [],
          "meta": {}
        },
        {
          "ancestorTitles": ["eveningsApi", "removeMovie"],
          "fullName": "eveningsApi removeMovie calls DELETE /evenings/:id/movies/:tmdbId",
          "status": "passed",
          "title": "calls DELETE /evenings/:id/movies/:tmdbId",
          "duration": 0.4355000000000473,
          "failureMessages": [],
          "meta": {}
        },
        {
          "ancestorTitles": ["eveningsApi", "getVotes"],
          "fullName": "eveningsApi getVotes calls GET /evenings/:id/votes",
          "status": "passed",
          "title": "calls GET /evenings/:id/votes",
          "duration": 0.5765000000001237,
          "failureMessages": [],
          "meta": {}
        },
        {
          "ancestorTitles": ["eveningsApi", "createVote"],
          "fullName": "eveningsApi createVote calls POST /evenings/:id/votes",
          "status": "passed",
          "title": "calls POST /evenings/:id/votes",
          "duration": 0.5086999999998625,
          "failureMessages": [],
          "meta": {}
        },
        {
          "ancestorTitles": ["eveningsApi", "getComments"],
          "fullName": "eveningsApi getComments calls GET /evenings/:id/comments",
          "status": "passed",
          "title": "calls GET /evenings/:id/comments",
          "duration": 0.5072000000000116,
          "failureMessages": [],
          "meta": {}
        },
        {
          "ancestorTitles": ["eveningsApi", "createComment"],
          "fullName": "eveningsApi createComment calls POST /evenings/:id/comments",
          "status": "passed",
          "title": "calls POST /evenings/:id/comments",
          "duration": 0.5174999999999272,
          "failureMessages": [],
          "meta": {}
        }
      ],
      "startTime": 1779217774046,
      "endTime": 1779217774068.5176,
      "status": "passed",
      "message": "",
      "name": "f:/Projects/otus-js-b-course-project/src/test/api/evenings.test.ts"
    },
    {
      "assertionResults": [
        {
          "ancestorTitles": ["fetchKinopoiskRating"],
          "fullName": "fetchKinopoiskRating returns rating and Russian title on success",
          "status": "passed",
          "title": "returns rating and Russian title on success",
          "duration": 41.58420000000001,
          "failureMessages": [],
          "meta": {}
        },
        {
          "ancestorTitles": ["fetchKinopoiskRating"],
          "fullName": "fetchKinopoiskRating returns null when no films found",
          "status": "passed",
          "title": "returns null when no films found",
          "duration": 4.41619999999989,
          "failureMessages": [],
          "meta": {}
        },
        {
          "ancestorTitles": ["fetchKinopoiskRating"],
          "fullName": "fetchKinopoiskRating returns null when API key is missing",
          "status": "passed",
          "title": "returns null when API key is missing",
          "duration": 2.451599999999871,
          "failureMessages": [],
          "meta": {}
        },
        {
          "ancestorTitles": ["fetchKinopoiskRating"],
          "fullName": "fetchKinopoiskRating caches results and avoids repeated API calls",
          "status": "passed",
          "title": "caches results and avoids repeated API calls",
          "duration": 1.6621000000000095,
          "failureMessages": [],
          "meta": {}
        }
      ],
      "startTime": 1779217776246,
      "endTime": 1779217776295.662,
      "status": "passed",
      "message": "",
      "name": "f:/Projects/otus-js-b-course-project/src/test/api/kinopoisk.test.ts"
    },
    {
      "assertionResults": [
        {
          "ancestorTitles": ["moviesApi", "search"],
          "fullName": "moviesApi search calls GET /movies/search with query params",
          "status": "passed",
          "title": "calls GET /movies/search with query params",
          "duration": 10.50669999999991,
          "failureMessages": [],
          "meta": {}
        },
        {
          "ancestorTitles": ["moviesApi", "search"],
          "fullName": "moviesApi search handles empty search results",
          "status": "passed",
          "title": "handles empty search results",
          "duration": 1.950399999999945,
          "failureMessages": [],
          "meta": {}
        },
        {
          "ancestorTitles": ["moviesApi", "getById"],
          "fullName": "moviesApi getById calls GET /movies/:tmdbId",
          "status": "passed",
          "title": "calls GET /movies/:tmdbId",
          "duration": 1.100500000000011,
          "failureMessages": [],
          "meta": {}
        },
        {
          "ancestorTitles": ["moviesApi", "getPopular"],
          "fullName": "moviesApi getPopular calls GET /movies/popular with pagination",
          "status": "passed",
          "title": "calls GET /movies/popular with pagination",
          "duration": 0.6240999999999985,
          "failureMessages": [],
          "meta": {}
        },
        {
          "ancestorTitles": ["moviesApi", "getPopular"],
          "fullName": "moviesApi getPopular calls GET /movies/popular without params",
          "status": "passed",
          "title": "calls GET /movies/popular without params",
          "duration": 0.4978000000000975,
          "failureMessages": [],
          "meta": {}
        }
      ],
      "startTime": 1779217776298,
      "endTime": 1779217776313.4978,
      "status": "passed",
      "message": "",
      "name": "f:/Projects/otus-js-b-course-project/src/test/api/movies.test.ts"
    },
    {
      "assertionResults": [
        {
          "ancestorTitles": ["fetchImdbRating"],
          "fullName": "fetchImdbRating returns IMDB rating on success",
          "status": "passed",
          "title": "returns IMDB rating on success",
          "duration": 44.48939999999993,
          "failureMessages": [],
          "meta": {}
        },
        {
          "ancestorTitles": ["fetchImdbRating"],
          "fullName": "fetchImdbRating returns null when API key is missing",
          "status": "passed",
          "title": "returns null when API key is missing",
          "duration": 6.75630000000001,
          "failureMessages": [],
          "meta": {}
        },
        {
          "ancestorTitles": ["fetchImdbRating"],
          "fullName": "fetchImdbRating returns null when movie not found",
          "status": "passed",
          "title": "returns null when movie not found",
          "duration": 1.031999999999698,
          "failureMessages": [],
          "meta": {}
        },
        {
          "ancestorTitles": ["fetchImdbRating"],
          "fullName": "fetchImdbRating returns null when IMDB rating is N/A",
          "status": "passed",
          "title": "returns null when IMDB rating is N/A",
          "duration": 0.6718999999998232,
          "failureMessages": [],
          "meta": {}
        },
        {
          "ancestorTitles": ["fetchImdbRating"],
          "fullName": "fetchImdbRating handles network errors gracefully",
          "status": "passed",
          "title": "handles network errors gracefully",
          "duration": 0.5752999999999702,
          "failureMessages": [],
          "meta": {}
        },
        {
          "ancestorTitles": ["fetchImdbRating"],
          "fullName": "fetchImdbRating sanitizes title by removing parentheses content",
          "status": "failed",
          "title": "sanitizes title by removing parentheses content",
          "duration": 4.776499999999942,
          "failureMessages": [
            "AssertionError: expected \"wrap\" to be called with arguments: [ 'https://www.omdbapi.com/', …(1) ]\u001b[90m\n\nReceived: \n\n\u001b[39m\u001b[90m\n\nNumber of calls: \u001b[1m0\u001b[22m\n\u001b[39m\n    at Proxy.<anonymous> (file:///f:/Projects/otus-js-b-course-project/node_modules/@vitest/expect/dist/index.js:1528:13)\n    at Proxy.<anonymous> (file:///f:/Projects/otus-js-b-course-project/node_modules/@vitest/expect/dist/index.js:1035:17)\n    at Proxy.methodWrapper (file:///f:/Projects/otus-js-b-course-project/node_modules/chai/index.js:1686:25)\n    at f:\\Projects\\otus-js-b-course-project\\src\\test\\api\\omdb.test.ts:112:29\n    at processTicksAndRejections (node:internal/process/task_queues:103:5)\n    at file:///f:/Projects/otus-js-b-course-project/node_modules/@vitest/runner/dist/index.js:563:22"
          ],
          "meta": {}
        },
        {
          "ancestorTitles": ["fetchImdbRating"],
          "fullName": "fetchImdbRating caches results and returns cached value on second call",
          "status": "failed",
          "title": "caches results and returns cached value on second call",
          "duration": 1.7217000000000553,
          "failureMessages": [
            "AssertionError: expected \"wrap\" to be called 1 times, but got 0 times\n    at f:\\Projects\\otus-js-b-course-project\\src\\test\\api\\omdb.test.ts:137:29\n    at processTicksAndRejections (node:internal/process/task_queues:103:5)\n    at file:///f:/Projects/otus-js-b-course-project/node_modules/@vitest/runner/dist/index.js:563:22"
          ],
          "meta": {}
        }
      ],
      "startTime": 1779217773994,
      "endTime": 1779217774053.7217,
      "status": "failed",
      "message": "",
      "name": "f:/Projects/otus-js-b-course-project/src/test/api/omdb.test.ts"
    },
    {
      "assertionResults": [
        {
          "ancestorTitles": ["usersApi", "getAll"],
          "fullName": "usersApi getAll calls GET /users with pagination",
          "status": "passed",
          "title": "calls GET /users with pagination",
          "duration": 6.177799999999934,
          "failureMessages": [],
          "meta": {}
        },
        {
          "ancestorTitles": ["usersApi", "getAll"],
          "fullName": "usersApi getAll uses default pagination values",
          "status": "passed",
          "title": "uses default pagination values",
          "duration": 0.9295000000001892,
          "failureMessages": [],
          "meta": {}
        },
        {
          "ancestorTitles": ["usersApi", "getById"],
          "fullName": "usersApi getById calls GET /users/:userId",
          "status": "passed",
          "title": "calls GET /users/:userId",
          "duration": 0.6387999999997191,
          "failureMessages": [],
          "meta": {}
        }
      ],
      "startTime": 1779217779077,
      "endTime": 1779217779085.639,
      "status": "passed",
      "message": "",
      "name": "f:/Projects/otus-js-b-course-project/src/test/api/users.test.ts"
    },
    {
      "assertionResults": [
        {
          "ancestorTitles": ["votesApi", "getAll"],
          "fullName": "votesApi getAll calls GET /evenings/:id/votes",
          "status": "passed",
          "title": "calls GET /evenings/:id/votes",
          "duration": 19.028699999999844,
          "failureMessages": [],
          "meta": {}
        },
        {
          "ancestorTitles": ["votesApi", "create"],
          "fullName": "votesApi create calls POST /evenings/:id/votes",
          "status": "passed",
          "title": "calls POST /evenings/:id/votes",
          "duration": 1.5204000000003361,
          "failureMessages": [],
          "meta": {}
        },
        {
          "ancestorTitles": ["votesApi", "deleteVote"],
          "fullName": "votesApi deleteVote calls DELETE /evenings/:id/votes/:voteId",
          "status": "passed",
          "title": "calls DELETE /evenings/:id/votes/:voteId",
          "duration": 0.9275000000002365,
          "failureMessages": [],
          "meta": {}
        }
      ],
      "startTime": 1779217779176,
      "endTime": 1779217779197.9275,
      "status": "passed",
      "message": "",
      "name": "f:/Projects/otus-js-b-course-project/src/test/api/votes.test.ts"
    },
    {
      "assertionResults": [
        {
          "ancestorTitles": ["Button"],
          "fullName": "Button renders with children",
          "status": "passed",
          "title": "renders with children",
          "duration": 212.4737,
          "failureMessages": [],
          "meta": {}
        },
        {
          "ancestorTitles": ["Button"],
          "fullName": "Button applies primary variant styles",
          "status": "passed",
          "title": "applies primary variant styles",
          "duration": 16.896200000000135,
          "failureMessages": [],
          "meta": {}
        },
        {
          "ancestorTitles": ["Button"],
          "fullName": "Button applies secondary variant styles",
          "status": "passed",
          "title": "applies secondary variant styles",
          "duration": 10.194700000000012,
          "failureMessages": [],
          "meta": {}
        },
        {
          "ancestorTitles": ["Button"],
          "fullName": "Button applies danger variant styles",
          "status": "passed",
          "title": "applies danger variant styles",
          "duration": 7.728800000000319,
          "failureMessages": [],
          "meta": {}
        },
        {
          "ancestorTitles": ["Button"],
          "fullName": "Button applies small size",
          "status": "passed",
          "title": "applies small size",
          "duration": 8.494499999999789,
          "failureMessages": [],
          "meta": {}
        },
        {
          "ancestorTitles": ["Button"],
          "fullName": "Button applies medium size",
          "status": "passed",
          "title": "applies medium size",
          "duration": 9.521400000000085,
          "failureMessages": [],
          "meta": {}
        },
        {
          "ancestorTitles": ["Button"],
          "fullName": "Button applies large size",
          "status": "passed",
          "title": "applies large size",
          "duration": 7.1095000000000255,
          "failureMessages": [],
          "meta": {}
        },
        {
          "ancestorTitles": ["Button"],
          "fullName": "Button calls onClick when clicked",
          "status": "passed",
          "title": "calls onClick when clicked",
          "duration": 17.60590000000002,
          "failureMessages": [],
          "meta": {}
        },
        {
          "ancestorTitles": ["Button"],
          "fullName": "Button shows loading state",
          "status": "passed",
          "title": "shows loading state",
          "duration": 19.6246000000001,
          "failureMessages": [],
          "meta": {}
        },
        {
          "ancestorTitles": ["Button"],
          "fullName": "Button is disabled when disabled prop is true",
          "status": "passed",
          "title": "is disabled when disabled prop is true",
          "duration": 14.995200000000295,
          "failureMessages": [],
          "meta": {}
        }
      ],
      "startTime": 1779217777736,
      "endTime": 1779217778061.995,
      "status": "passed",
      "message": "",
      "name": "f:/Projects/otus-js-b-course-project/src/test/components/Button.test.tsx"
    },
    {
      "assertionResults": [
        {
          "ancestorTitles": ["Card"],
          "fullName": "Card renders with children",
          "status": "passed",
          "title": "renders with children",
          "duration": 34.99209999999994,
          "failureMessages": [],
          "meta": {}
        },
        {
          "ancestorTitles": ["Card"],
          "fullName": "Card applies custom className",
          "status": "passed",
          "title": "applies custom className",
          "duration": 1.7677000000001044,
          "failureMessages": [],
          "meta": {}
        },
        {
          "ancestorTitles": ["Card"],
          "fullName": "Card calls onClick when clicked",
          "status": "passed",
          "title": "calls onClick when clicked",
          "duration": 6.471000000000004,
          "failureMessages": [],
          "meta": {}
        },
        {
          "ancestorTitles": ["Card"],
          "fullName": "Card applies hover styles when onClick is provided",
          "status": "passed",
          "title": "applies hover styles when onClick is provided",
          "duration": 1.4826000000000477,
          "failureMessages": [],
          "meta": {}
        }
      ],
      "startTime": 1779217781197,
      "endTime": 1779217781241.4827,
      "status": "passed",
      "message": "",
      "name": "f:/Projects/otus-js-b-course-project/src/test/components/Card.test.tsx"
    },
    {
      "assertionResults": [
        {
          "ancestorTitles": ["Error"],
          "fullName": "Error renders with message",
          "status": "passed",
          "title": "renders with message",
          "duration": 29.40039999999999,
          "failureMessages": [],
          "meta": {}
        },
        {
          "ancestorTitles": ["Error"],
          "fullName": "Error renders warning icon",
          "status": "passed",
          "title": "renders warning icon",
          "duration": 2.906500000000051,
          "failureMessages": [],
          "meta": {}
        },
        {
          "ancestorTitles": ["Error"],
          "fullName": "Error does not render retry button when onRetry is not provided",
          "status": "passed",
          "title": "does not render retry button when onRetry is not provided",
          "duration": 4.806299999999965,
          "failureMessages": [],
          "meta": {}
        },
        {
          "ancestorTitles": ["Error"],
          "fullName": "Error renders retry button when onRetry is provided",
          "status": "passed",
          "title": "renders retry button when onRetry is provided",
          "duration": 128.68769999999995,
          "failureMessages": [],
          "meta": {}
        },
        {
          "ancestorTitles": ["Error"],
          "fullName": "Error calls onRetry when retry button is clicked",
          "status": "passed",
          "title": "calls onRetry when retry button is clicked",
          "duration": 18.85219999999981,
          "failureMessages": [],
          "meta": {}
        }
      ],
      "startTime": 1779217781203,
      "endTime": 1779217781387.8523,
      "status": "passed",
      "message": "",
      "name": "f:/Projects/otus-js-b-course-project/src/test/components/Error.test.tsx"
    },
    {
      "assertionResults": [
        {
          "ancestorTitles": ["Footer"],
          "fullName": "Footer renders footer text",
          "status": "passed",
          "title": "renders footer text",
          "duration": 33.3146999999999,
          "failureMessages": [],
          "meta": {}
        },
        {
          "ancestorTitles": ["Footer"],
          "fullName": "Footer renders current year",
          "status": "passed",
          "title": "renders current year",
          "duration": 3.07549999999992,
          "failureMessages": [],
          "meta": {}
        }
      ],
      "startTime": 1779217781291,
      "endTime": 1779217781327.0754,
      "status": "passed",
      "message": "",
      "name": "f:/Projects/otus-js-b-course-project/src/test/components/Footer.test.tsx"
    },
    {
      "assertionResults": [
        {
          "ancestorTitles": ["Header"],
          "fullName": "Header renders logo link",
          "status": "passed",
          "title": "renders logo link",
          "duration": 48.87069999999994,
          "failureMessages": [],
          "meta": {}
        },
        {
          "ancestorTitles": ["Header"],
          "fullName": "Header shows login and register buttons when not authenticated",
          "status": "passed",
          "title": "shows login and register buttons when not authenticated",
          "duration": 6.0439000000001215,
          "failureMessages": [],
          "meta": {}
        },
        {
          "ancestorTitles": ["Header"],
          "fullName": "Header shows user info and logout when authenticated",
          "status": "failed",
          "title": "shows user info and logout when authenticated",
          "duration": 19.304599999999937,
          "failureMessages": [
            "TestingLibraryElementError: Unable to find an element with the text: TestUser. This could be because the text is broken up by multiple elements. In this case, you can provide a function for your text matcher to make your matcher more flexible.\n\nIgnored nodes: comments, script, style\n\u001b[36m<body>\u001b[39m\n  \u001b[36m<div>\u001b[39m\n    \u001b[36m<header\u001b[39m\n      \u001b[33mclass\u001b[39m=\u001b[32m\"bg-dark-800 shadow-lg\"\u001b[39m\n    \u001b[36m>\u001b[39m\n      \u001b[36m<div\u001b[39m\n        \u001b[33mclass\u001b[39m=\u001b[32m\"container mx-auto px-4 py-4\"\u001b[39m\n      \u001b[36m>\u001b[39m\n        \u001b[36m<div\u001b[39m\n          \u001b[33mclass\u001b[39m=\u001b[32m\"flex items-center justify-between\"\u001b[39m\n        \u001b[36m>\u001b[39m\n          \u001b[36m<a\u001b[39m\n            \u001b[33mclass\u001b[39m=\u001b[32m\"text-2xl font-bold text-primary-500\"\u001b[39m\n            \u001b[33mhref\u001b[39m=\u001b[32m\"/\"\u001b[39m\n          \u001b[36m>\u001b[39m\n            \u001b[0mКиновечера\u001b[0m\n          \u001b[36m</a>\u001b[39m\n          \u001b[36m<nav\u001b[39m\n            \u001b[33mclass\u001b[39m=\u001b[32m\"flex items-center space-x-4\"\u001b[39m\n          \u001b[36m>\u001b[39m\n            \u001b[36m<a\u001b[39m\n              \u001b[33mclass\u001b[39m=\u001b[32m\"px-4 py-2 bg-dark-700 text-dark-100 rounded-lg hover:bg-dark-600 transition-colors duration-200\"\u001b[39m\n              \u001b[33mhref\u001b[39m=\u001b[32m\"/movies\"\u001b[39m\n            \u001b[36m>\u001b[39m\n              \u001b[0mФильмы\u001b[0m\n            \u001b[36m</a>\u001b[39m\n            \u001b[36m<a\u001b[39m\n              \u001b[33mclass\u001b[39m=\u001b[32m\"px-4 py-2 bg-dark-700 text-dark-100 rounded-lg hover:bg-dark-600 transition-colors duration-200\"\u001b[39m\n              \u001b[33mhref\u001b[39m=\u001b[32m\"/users\"\u001b[39m\n            \u001b[36m>\u001b[39m\n              \u001b[0mПользователи\u001b[0m\n            \u001b[36m</a>\u001b[39m\n            \u001b[36m<a\u001b[39m\n              \u001b[33mclass\u001b[39m=\u001b[32m\"text-dark-300 hover:text-primary-500 transition-colors duration-200\"\u001b[39m\n              \u001b[33mhref\u001b[39m=\u001b[32m\"/profile\"\u001b[39m\n            \u001b[36m>\u001b[39m\n              \u001b[0mПривет, \u001b[0m\n              \u001b[0mTestUser\u001b[0m\n            \u001b[36m</a>\u001b[39m\n            \u001b[36m<button\u001b[39m\n              \u001b[33mclass\u001b[39m=\u001b[32m\"px-4 py-2 bg-red-600 text-white rounded-lg hover:bg-red-700 transition-colors duration-200\"\u001b[39m\n            \u001b[36m>\u001b[39m\n              \u001b[0mВыйти\u001b[0m\n            \u001b[36m</button>\u001b[39m\n          \u001b[36m</nav>\u001b[39m\n        \u001b[36m</div>\u001b[39m\n      \u001b[36m</div>\u001b[39m\n    \u001b[36m</header>\u001b[39m\n  \u001b[36m</div>\u001b[39m\n\u001b[36m</body>\u001b[39m\n    at Object.getElementError (f:\\Projects\\otus-js-b-course-project\\node_modules\\@testing-library\\dom\\dist\\config.js:37:19)\n    at f:\\Projects\\otus-js-b-course-project\\node_modules\\@testing-library\\dom\\dist\\query-helpers.js:76:38\n    at f:\\Projects\\otus-js-b-course-project\\node_modules\\@testing-library\\dom\\dist\\query-helpers.js:52:17\n    at f:\\Projects\\otus-js-b-course-project\\node_modules\\@testing-library\\dom\\dist\\query-helpers.js:95:19\n    at f:\\Projects\\otus-js-b-course-project\\src\\test\\components\\Header.test.tsx:83:19\n    at file:///f:/Projects/otus-js-b-course-project/node_modules/@vitest/runner/dist/index.js:174:14\n    at file:///f:/Projects/otus-js-b-course-project/node_modules/@vitest/runner/dist/index.js:563:28\n    at file:///f:/Projects/otus-js-b-course-project/node_modules/@vitest/runner/dist/index.js:61:24\n    at new Promise (<anonymous>)\n    at runWithTimeout (file:///f:/Projects/otus-js-b-course-project/node_modules/@vitest/runner/dist/index.js:41:12)"
          ],
          "meta": {}
        },
        {
          "ancestorTitles": ["Header"],
          "fullName": "Header shows navigation links when authenticated",
          "status": "passed",
          "title": "shows navigation links when authenticated",
          "duration": 6.9331999999999425,
          "failureMessages": [],
          "meta": {}
        },
        {
          "ancestorTitles": ["Header"],
          "fullName": "Header does not show Movies and Users links when not authenticated",
          "status": "passed",
          "title": "does not show Movies and Users links when not authenticated",
          "duration": 4.177000000000135,
          "failureMessages": [],
          "meta": {}
        },
        {
          "ancestorTitles": ["Header"],
          "fullName": "Header calls logout and navigates on logout click",
          "status": "passed",
          "title": "calls logout and navigates on logout click",
          "duration": 12.45699999999988,
          "failureMessages": [],
          "meta": {}
        }
      ],
      "startTime": 1779217774043,
      "endTime": 1779217774141.457,
      "status": "failed",
      "message": "",
      "name": "f:/Projects/otus-js-b-course-project/src/test/components/Header.test.tsx"
    },
    {
      "assertionResults": [
        {
          "ancestorTitles": ["Input"],
          "fullName": "Input renders with label",
          "status": "failed",
          "title": "renders with label",
          "duration": 64.35770000000002,
          "failureMessages": [
            "TestingLibraryElementError: Found a label with the text of: /email/i, however no form control was found associated to that label. Make sure you're using the \"for\" attribute or \"aria-labelledby\" attribute correctly.\n\nIgnored nodes: comments, script, style\n\u001b[36m<body>\u001b[39m\n  \u001b[36m<div>\u001b[39m\n    \u001b[36m<div\u001b[39m\n      \u001b[33mclass\u001b[39m=\u001b[32m\"w-full\"\u001b[39m\n    \u001b[36m>\u001b[39m\n      \u001b[36m<label\u001b[39m\n        \u001b[33mclass\u001b[39m=\u001b[32m\"block text-sm font-medium text-dark-300 mb-1\"\u001b[39m\n      \u001b[36m>\u001b[39m\n        \u001b[0mEmail\u001b[0m\n      \u001b[36m</label>\u001b[39m\n      \u001b[36m<input\u001b[39m\n        \u001b[33mclass\u001b[39m=\u001b[32m\"w-full px-4 py-2 rounded-lg bg-dark-800 border border-dark-700 text-dark-100 placeholder-dark-500 focus:outline-none focus:ring-2 focus:ring-primary-500 focus:border-transparent transition-colors duration-200 \"\u001b[39m\n        \u001b[33mtype\u001b[39m=\u001b[32m\"email\"\u001b[39m\n      \u001b[36m/>\u001b[39m\n    \u001b[36m</div>\u001b[39m\n  \u001b[36m</div>\u001b[39m\n\u001b[36m</body>\u001b[39m\n    at Object.getElementError (f:\\Projects\\otus-js-b-course-project\\node_modules\\@testing-library\\dom\\dist\\config.js:37:19)\n    at getAllByLabelText (f:\\Projects\\otus-js-b-course-project\\node_modules\\@testing-library\\dom\\dist\\queries\\label-text.js:108:40)\n    at f:\\Projects\\otus-js-b-course-project\\node_modules\\@testing-library\\dom\\dist\\query-helpers.js:52:17\n    at f:\\Projects\\otus-js-b-course-project\\node_modules\\@testing-library\\dom\\dist\\query-helpers.js:95:19\n    at f:\\Projects\\otus-js-b-course-project\\src\\test\\components\\Input.test.tsx:8:19\n    at file:///f:/Projects/otus-js-b-course-project/node_modules/@vitest/runner/dist/index.js:174:14\n    at file:///f:/Projects/otus-js-b-course-project/node_modules/@vitest/runner/dist/index.js:563:28\n    at file:///f:/Projects/otus-js-b-course-project/node_modules/@vitest/runner/dist/index.js:61:24\n    at new Promise (<anonymous>)\n    at runWithTimeout (file:///f:/Projects/otus-js-b-course-project/node_modules/@vitest/runner/dist/index.js:41:12)"
          ],
          "meta": {}
        },
        {
          "ancestorTitles": ["Input"],
          "fullName": "Input renders without label",
          "status": "passed",
          "title": "renders without label",
          "duration": 191.32439999999997,
          "failureMessages": [],
          "meta": {}
        },
        {
          "ancestorTitles": ["Input"],
          "fullName": "Input renders with error message",
          "status": "passed",
          "title": "renders with error message",
          "duration": 6.996099999999842,
          "failureMessages": [],
          "meta": {}
        },
        {
          "ancestorTitles": ["Input"],
          "fullName": "Input renders with value",
          "status": "failed",
          "title": "renders with value",
          "duration": 24.233200000000124,
          "failureMessages": [
            "TestingLibraryElementError: Found a label with the text of: /email/i, however no form control was found associated to that label. Make sure you're using the \"for\" attribute or \"aria-labelledby\" attribute correctly.\n\nIgnored nodes: comments, script, style\n\u001b[36m<body>\u001b[39m\n  \u001b[36m<div>\u001b[39m\n    \u001b[36m<div\u001b[39m\n      \u001b[33mclass\u001b[39m=\u001b[32m\"w-full\"\u001b[39m\n    \u001b[36m>\u001b[39m\n      \u001b[36m<label\u001b[39m\n        \u001b[33mclass\u001b[39m=\u001b[32m\"block text-sm font-medium text-dark-300 mb-1\"\u001b[39m\n      \u001b[36m>\u001b[39m\n        \u001b[0mEmail\u001b[0m\n      \u001b[36m</label>\u001b[39m\n      \u001b[36m<input\u001b[39m\n        \u001b[33mclass\u001b[39m=\u001b[32m\"w-full px-4 py-2 rounded-lg bg-dark-800 border border-dark-700 text-dark-100 placeholder-dark-500 focus:outline-none focus:ring-2 focus:ring-primary-500 focus:border-transparent transition-colors duration-200 \"\u001b[39m\n        \u001b[33mtype\u001b[39m=\u001b[32m\"email\"\u001b[39m\n        \u001b[33mvalue\u001b[39m=\u001b[32m\"test@example.com\"\u001b[39m\n      \u001b[36m/>\u001b[39m\n    \u001b[36m</div>\u001b[39m\n  \u001b[36m</div>\u001b[39m\n\u001b[36m</body>\u001b[39m\n    at Object.getElementError (f:\\Projects\\otus-js-b-course-project\\node_modules\\@testing-library\\dom\\dist\\config.js:37:19)\n    at getAllByLabelText (f:\\Projects\\otus-js-b-course-project\\node_modules\\@testing-library\\dom\\dist\\queries\\label-text.js:108:40)\n    at f:\\Projects\\otus-js-b-course-project\\node_modules\\@testing-library\\dom\\dist\\query-helpers.js:52:17\n    at f:\\Projects\\otus-js-b-course-project\\node_modules\\@testing-library\\dom\\dist\\query-helpers.js:95:19\n    at f:\\Projects\\otus-js-b-course-project\\src\\test\\components\\Input.test.tsx:24:26\n    at file:///f:/Projects/otus-js-b-course-project/node_modules/@vitest/runner/dist/index.js:174:14\n    at file:///f:/Projects/otus-js-b-course-project/node_modules/@vitest/runner/dist/index.js:563:28\n    at file:///f:/Projects/otus-js-b-course-project/node_modules/@vitest/runner/dist/index.js:61:24\n    at new Promise (<anonymous>)\n    at runWithTimeout (file:///f:/Projects/otus-js-b-course-project/node_modules/@vitest/runner/dist/index.js:41:12)"
          ],
          "meta": {}
        },
        {
          "ancestorTitles": ["Input"],
          "fullName": "Input applies error styles",
          "status": "failed",
          "title": "applies error styles",
          "duration": 4.888599999999769,
          "failureMessages": [
            "TestingLibraryElementError: Found a label with the text of: /email/i, however no form control was found associated to that label. Make sure you're using the \"for\" attribute or \"aria-labelledby\" attribute correctly.\n\nIgnored nodes: comments, script, style\n\u001b[36m<body>\u001b[39m\n  \u001b[36m<div>\u001b[39m\n    \u001b[36m<div\u001b[39m\n      \u001b[33mclass\u001b[39m=\u001b[32m\"w-full\"\u001b[39m\n    \u001b[36m>\u001b[39m\n      \u001b[36m<label\u001b[39m\n        \u001b[33mclass\u001b[39m=\u001b[32m\"block text-sm font-medium text-dark-300 mb-1\"\u001b[39m\n      \u001b[36m>\u001b[39m\n        \u001b[0mEmail\u001b[0m\n      \u001b[36m</label>\u001b[39m\n      \u001b[36m<input\u001b[39m\n        \u001b[33mclass\u001b[39m=\u001b[32m\"w-full px-4 py-2 rounded-lg bg-dark-800 border border-red-500 text-dark-100 placeholder-dark-500 focus:outline-none focus:ring-2 focus:ring-primary-500 focus:border-transparent transition-colors duration-200 \"\u001b[39m\n        \u001b[33mtype\u001b[39m=\u001b[32m\"email\"\u001b[39m\n      \u001b[36m/>\u001b[39m\n      \u001b[36m<p\u001b[39m\n        \u001b[33mclass\u001b[39m=\u001b[32m\"mt-1 text-sm text-red-500\"\u001b[39m\n      \u001b[36m>\u001b[39m\n        \u001b[0mInvalid email\u001b[0m\n      \u001b[36m</p>\u001b[39m\n    \u001b[36m</div>\u001b[39m\n  \u001b[36m</div>\u001b[39m\n\u001b[36m</body>\u001b[39m\n    at Object.getElementError (f:\\Projects\\otus-js-b-course-project\\node_modules\\@testing-library\\dom\\dist\\config.js:37:19)\n    at getAllByLabelText (f:\\Projects\\otus-js-b-course-project\\node_modules\\@testing-library\\dom\\dist\\queries\\label-text.js:108:40)\n    at f:\\Projects\\otus-js-b-course-project\\node_modules\\@testing-library\\dom\\dist\\query-helpers.js:52:17\n    at f:\\Projects\\otus-js-b-course-project\\node_modules\\@testing-library\\dom\\dist\\query-helpers.js:95:19\n    at f:\\Projects\\otus-js-b-course-project\\src\\test\\components\\Input.test.tsx:30:26\n    at file:///f:/Projects/otus-js-b-course-project/node_modules/@vitest/runner/dist/index.js:174:14\n    at file:///f:/Projects/otus-js-b-course-project/node_modules/@vitest/runner/dist/index.js:563:28\n    at file:///f:/Projects/otus-js-b-course-project/node_modules/@vitest/runner/dist/index.js:61:24\n    at new Promise (<anonymous>)\n    at runWithTimeout (file:///f:/Projects/otus-js-b-course-project/node_modules/@vitest/runner/dist/index.js:41:12)"
          ],
          "meta": {}
        },
        {
          "ancestorTitles": ["Input"],
          "fullName": "Input calls onChange when value changes",
          "status": "failed",
          "title": "calls onChange when value changes",
          "duration": 10.977499999999964,
          "failureMessages": [
            "TestingLibraryElementError: Found a label with the text of: /email/i, however no form control was found associated to that label. Make sure you're using the \"for\" attribute or \"aria-labelledby\" attribute correctly.\n\nIgnored nodes: comments, script, style\n\u001b[36m<body>\u001b[39m\n  \u001b[36m<div>\u001b[39m\n    \u001b[36m<div\u001b[39m\n      \u001b[33mclass\u001b[39m=\u001b[32m\"w-full\"\u001b[39m\n    \u001b[36m>\u001b[39m\n      \u001b[36m<label\u001b[39m\n        \u001b[33mclass\u001b[39m=\u001b[32m\"block text-sm font-medium text-dark-300 mb-1\"\u001b[39m\n      \u001b[36m>\u001b[39m\n        \u001b[0mEmail\u001b[0m\n      \u001b[36m</label>\u001b[39m\n      \u001b[36m<input\u001b[39m\n        \u001b[33mclass\u001b[39m=\u001b[32m\"w-full px-4 py-2 rounded-lg bg-dark-800 border border-dark-700 text-dark-100 placeholder-dark-500 focus:outline-none focus:ring-2 focus:ring-primary-500 focus:border-transparent transition-colors duration-200 \"\u001b[39m\n        \u001b[33mtype\u001b[39m=\u001b[32m\"email\"\u001b[39m\n      \u001b[36m/>\u001b[39m\n    \u001b[36m</div>\u001b[39m\n  \u001b[36m</div>\u001b[39m\n\u001b[36m</body>\u001b[39m\n    at Object.getElementError (f:\\Projects\\otus-js-b-course-project\\node_modules\\@testing-library\\dom\\dist\\config.js:37:19)\n    at getAllByLabelText (f:\\Projects\\otus-js-b-course-project\\node_modules\\@testing-library\\dom\\dist\\queries\\label-text.js:108:40)\n    at f:\\Projects\\otus-js-b-course-project\\node_modules\\@testing-library\\dom\\dist\\query-helpers.js:52:17\n    at f:\\Projects\\otus-js-b-course-project\\node_modules\\@testing-library\\dom\\dist\\query-helpers.js:95:19\n    at f:\\Projects\\otus-js-b-course-project\\src\\test\\components\\Input.test.tsx:37:26\n    at file:///f:/Projects/otus-js-b-course-project/node_modules/@vitest/runner/dist/index.js:174:14\n    at file:///f:/Projects/otus-js-b-course-project/node_modules/@vitest/runner/dist/index.js:563:28\n    at file:///f:/Projects/otus-js-b-course-project/node_modules/@vitest/runner/dist/index.js:61:24\n    at new Promise (<anonymous>)\n    at runWithTimeout (file:///f:/Projects/otus-js-b-course-project/node_modules/@vitest/runner/dist/index.js:41:12)"
          ],
          "meta": {}
        },
        {
          "ancestorTitles": ["Input"],
          "fullName": "Input is required when required prop is set",
          "status": "failed",
          "title": "is required when required prop is set",
          "duration": 4.081199999999626,
          "failureMessages": [
            "TestingLibraryElementError: Found a label with the text of: /email/i, however no form control was found associated to that label. Make sure you're using the \"for\" attribute or \"aria-labelledby\" attribute correctly.\n\nIgnored nodes: comments, script, style\n\u001b[36m<body>\u001b[39m\n  \u001b[36m<div>\u001b[39m\n    \u001b[36m<div\u001b[39m\n      \u001b[33mclass\u001b[39m=\u001b[32m\"w-full\"\u001b[39m\n    \u001b[36m>\u001b[39m\n      \u001b[36m<label\u001b[39m\n        \u001b[33mclass\u001b[39m=\u001b[32m\"block text-sm font-medium text-dark-300 mb-1\"\u001b[39m\n      \u001b[36m>\u001b[39m\n        \u001b[0mEmail\u001b[0m\n      \u001b[36m</label>\u001b[39m\n      \u001b[36m<input\u001b[39m\n        \u001b[33mclass\u001b[39m=\u001b[32m\"w-full px-4 py-2 rounded-lg bg-dark-800 border border-dark-700 text-dark-100 placeholder-dark-500 focus:outline-none focus:ring-2 focus:ring-primary-500 focus:border-transparent transition-colors duration-200 \"\u001b[39m\n        \u001b[33mrequired\u001b[39m=\u001b[32m\"\"\u001b[39m\n        \u001b[33mtype\u001b[39m=\u001b[32m\"email\"\u001b[39m\n      \u001b[36m/>\u001b[39m\n    \u001b[36m</div>\u001b[39m\n  \u001b[36m</div>\u001b[39m\n\u001b[36m</body>\u001b[39m\n    at Object.getElementError (f:\\Projects\\otus-js-b-course-project\\node_modules\\@testing-library\\dom\\dist\\config.js:37:19)\n    at getAllByLabelText (f:\\Projects\\otus-js-b-course-project\\node_modules\\@testing-library\\dom\\dist\\queries\\label-text.js:108:40)\n    at f:\\Projects\\otus-js-b-course-project\\node_modules\\@testing-library\\dom\\dist\\query-helpers.js:52:17\n    at f:\\Projects\\otus-js-b-course-project\\node_modules\\@testing-library\\dom\\dist\\query-helpers.js:95:19\n    at f:\\Projects\\otus-js-b-course-project\\src\\test\\components\\Input.test.tsx:44:26\n    at file:///f:/Projects/otus-js-b-course-project/node_modules/@vitest/runner/dist/index.js:174:14\n    at file:///f:/Projects/otus-js-b-course-project/node_modules/@vitest/runner/dist/index.js:563:28\n    at file:///f:/Projects/otus-js-b-course-project/node_modules/@vitest/runner/dist/index.js:61:24\n    at new Promise (<anonymous>)\n    at runWithTimeout (file:///f:/Projects/otus-js-b-course-project/node_modules/@vitest/runner/dist/index.js:41:12)"
          ],
          "meta": {}
        }
      ],
      "startTime": 1779217779151,
      "endTime": 1779217779458.0813,
      "status": "failed",
      "message": "",
      "name": "f:/Projects/otus-js-b-course-project/src/test/components/Input.test.tsx"
    },
    {
      "assertionResults": [
        {
          "ancestorTitles": ["Layout"],
          "fullName": "Layout renders header, children and footer",
          "status": "passed",
          "title": "renders header, children and footer",
          "duration": 47.310199999999895,
          "failureMessages": [],
          "meta": {}
        },
        {
          "ancestorTitles": ["Layout"],
          "fullName": "Layout renders with empty children",
          "status": "passed",
          "title": "renders with empty children",
          "duration": 2.707300000000032,
          "failureMessages": [],
          "meta": {}
        }
      ],
      "startTime": 1779217781148,
      "endTime": 1779217781197.7073,
      "status": "passed",
      "message": "",
      "name": "f:/Projects/otus-js-b-course-project/src/test/components/Layout.test.tsx"
    },
    {
      "assertionResults": [
        {
          "ancestorTitles": ["Loading"],
          "fullName": "Loading renders with default message",
          "status": "passed",
          "title": "renders with default message",
          "duration": 44.349699999999984,
          "failureMessages": [],
          "meta": {}
        },
        {
          "ancestorTitles": ["Loading"],
          "fullName": "Loading renders with custom message",
          "status": "passed",
          "title": "renders with custom message",
          "duration": 4.309199999999919,
          "failureMessages": [],
          "meta": {}
        },
        {
          "ancestorTitles": ["Loading"],
          "fullName": "Loading applies small size",
          "status": "passed",
          "title": "applies small size",
          "duration": 2.6929999999999836,
          "failureMessages": [],
          "meta": {}
        },
        {
          "ancestorTitles": ["Loading"],
          "fullName": "Loading applies medium size",
          "status": "passed",
          "title": "applies medium size",
          "duration": 1.9649000000001706,
          "failureMessages": [],
          "meta": {}
        },
        {
          "ancestorTitles": ["Loading"],
          "fullName": "Loading applies large size",
          "status": "passed",
          "title": "applies large size",
          "duration": 2.09069999999997,
          "failureMessages": [],
          "meta": {}
        },
        {
          "ancestorTitles": ["Loading"],
          "fullName": "Loading renders spinner element",
          "status": "passed",
          "title": "renders spinner element",
          "duration": 4.2017000000000735,
          "failureMessages": [],
          "meta": {}
        }
      ],
      "startTime": 1779217781047,
      "endTime": 1779217781107.2017,
      "status": "passed",
      "message": "",
      "name": "f:/Projects/otus-js-b-course-project/src/test/components/Loading.test.tsx"
    },
    {
      "assertionResults": [
        {
          "ancestorTitles": ["CreateEvening"],
          "fullName": "CreateEvening renders creation form",
          "status": "failed",
          "title": "renders creation form",
          "duration": 103.54809999999998,
          "failureMessages": [
            "TestingLibraryElementError: Found a label with the text of: /название/i, however no form control was found associated to that label. Make sure you're using the \"for\" attribute or \"aria-labelledby\" attribute correctly.\n\nIgnored nodes: comments, script, style\n\u001b[36m<body>\u001b[39m\n  \u001b[36m<div>\u001b[39m\n    \u001b[36m<div\u001b[39m\n      \u001b[33mclass\u001b[39m=\u001b[32m\"max-w-2xl mx-auto\"\u001b[39m\n    \u001b[36m>\u001b[39m\n      \u001b[36m<h1\u001b[39m\n        \u001b[33mclass\u001b[39m=\u001b[32m\"text-3xl font-bold text-dark-100 mb-6\"\u001b[39m\n      \u001b[36m>\u001b[39m\n        \u001b[0mСоздать киновечер\u001b[0m\n      \u001b[36m</h1>\u001b[39m\n      \u001b[36m<div\u001b[39m\n        \u001b[33mclass\u001b[39m=\u001b[32m\"bg-dark-800 rounded-xl shadow-lg p-6  \"\u001b[39m\n      \u001b[36m>\u001b[39m\n        \u001b[36m<form\u001b[39m\n          \u001b[33mclass\u001b[39m=\u001b[32m\"space-y-6\"\u001b[39m\n        \u001b[36m>\u001b[39m\n          \u001b[36m<div\u001b[39m\n            \u001b[33mclass\u001b[39m=\u001b[32m\"w-full\"\u001b[39m\n          \u001b[36m>\u001b[39m\n            \u001b[36m<label\u001b[39m\n              \u001b[33mclass\u001b[39m=\u001b[32m\"block text-sm font-medium text-dark-300 mb-1\"\u001b[39m\n            \u001b[36m>\u001b[39m\n              \u001b[0mНазвание *\u001b[0m\n            \u001b[36m</label>\u001b[39m\n            \u001b[36m<input\u001b[39m\n              \u001b[33mclass\u001b[39m=\u001b[32m\"w-full px-4 py-2 rounded-lg bg-dark-800 border border-dark-700 text-dark-100 placeholder-dark-500 focus:outline-none focus:ring-2 focus:ring-primary-500 focus:border-transparent transition-colors duration-200 \"\u001b[39m\n              \u001b[33mplaceholder\u001b[39m=\u001b[32m\"Например: Вечер комедий\"\u001b[39m\n              \u001b[33mvalue\u001b[39m=\u001b[32m\"\"\u001b[39m\n            \u001b[36m/>\u001b[39m\n          \u001b[36m</div>\u001b[39m\n          \u001b[36m<div>\u001b[39m\n            \u001b[36m<label\u001b[39m\n              \u001b[33mclass\u001b[39m=\u001b[32m\"block text-sm font-medium text-dark-300 mb-1\"\u001b[39m\n            \u001b[36m>\u001b[39m\n              \u001b[0mОписание\u001b[0m\n            \u001b[36m</label>\u001b[39m\n            \u001b[36m<textarea\u001b[39m\n              \u001b[33mclass\u001b[39m=\u001b[32m\"w-full px-4 py-2 bg-dark-700 border border-dark-600 rounded-lg text-dark-100 placeholder-dark-500 focus:outline-none focus:ring-2 focus:ring-primary-500 focus:border-transparent disabled:opacity-50 disabled:cursor-not-allowed\"\u001b[39m\n              \u001b[33mplaceholder\u001b[39m=\u001b[32m\"Краткое описание киновечера...\"\u001b[39m\n              \u001b[33mrows\u001b[39m=\u001b[32m\"3\"\u001b[39m\n            \u001b[36m/>\u001b[39m\n          \u001b[36m</div>\u001b[39m\n          \u001b[36m<div\u001b[39m\n            \u001b[33mclass\u001b[39m=\u001b[32m\"w-full\"\u001b[39m\n          \u001b[36m>\u001b[39m\n            \u001b[36m<label\u001b[39m\n              \u001b[33mclass\u001b[39m=\u001b[32m\"block text-sm font-medium text-dark-300 mb-1\"\u001b[39m\n            \u001b[36m>\u001b[39m\n              \u001b[0mДата и время\u001b[0m\n            \u001b[36m</label>\u001b[39m\n            \u001b[36m<input\u001b[39m\n              \u001b[33mclass\u001b[39m=\u001b[32m\"w-full px-4 py-2 rounded-lg bg-dark-800 border border-dark-700 text-dark-100 placeholder-dark-500 focus:outline-none focus:ring-2 focus:ring-primary-500 focus:border-transparent transition-colors duration-200 \"\u001b[39m\n              \u001b[33mtype\u001b[39m=\u001b[32m\"datetime-local\"\u001b[39m\n              \u001b[33mvalue\u001b[39m=\u001b[32m\"\"\u001b[39m\n            \u001b[36m/>\u001b[39m\n          \u001b[36m</div>\u001b[39m\n          \u001b[36m<label\u001b[39m\n            \u001b[33mclass\u001b[39m=\u001b[32m\"flex items-center space-x-3 cursor-pointer\"\u001b[39m\n          \u001b[36m>\u001b[39m\n            \u001b[36m<input\u001b[39m\n              \u001b[33mclass\u001b[39m=\u001b[32m\"w-4 h-4 bg-dark-700 border-dark-600 rounded text-primary-500 focus:ring-primary-500\"\u001b[39m\n              \u001b[33mtype\u001b[39m=\u001b[32m\"checkbox\"\u001b[39m\n            \u001b[36m/>\u001b[39m\n            \u001b[36m<span\u001b[39m\n              \u001b[33mclass\u001b[39m=\u001b[32m\"text-dark-300 text-sm\"\u001b[39m\n            \u001b[36m>\u001b[39m\n              \u001b[0mПриватный киновечер\u001b[0m\n            \u001b[36m</span>\u001b[39m\n          \u001b[36m</label>\u001b[39m\n          \u001b[36m<div\u001b[39m\n            \u001b[33mclass\u001b[39m=\u001b[32m\"flex space-x-4\"\u001b[39m\n          \u001b[36m>\u001b[39m\n            \u001b[36m<button\u001b[39m\n              \u001b[33mclass\u001b[39m=\u001b[32m\"inline-flex items-center justify-center font-medium transition-colors duration-200 rounded-lg focus:outline-none focus:ring-2 focus:ring-offset-2 focus:ring-offset-dark-900 bg-primary-600 text-white hover:bg-primary-700 focus:ring-primary-500 px-4 py-2 text-base opacity-50 cursor-not-allowed \"\u001b[39m\n              \u001b[33mdisabled\u001b[39m=\u001b[32m\"\"\u001b[39m\n              \u001b[33mtype\u001b[39m=\u001b[32m\"submit\"\u001b[39m\n            \u001b[36m>\u001b[39m\n              \u001b[0mСоздать\u001b[0m\n            \u001b[36m</button>\u001b[39m\n            \u001b[36m<button\u001b[39m\n              \u001b[33mclass\u001b[39m=\u001b[32m\"inline-flex items-center justify-center font-medium transition-colors duration-200 rounded-lg focus:outline-none focus:ring-2 focus:ring-offset-2 focus:ring-offset-dark-900 bg-dark-700 text-dark-100 hover:bg-dark-600 focus:ring-dark-500 px-4 py-2 text-base cursor-pointer \"\u001b[39m\n              \u001b[33mtype\u001b[39m=\u001b[32m\"button\"\u001b[39m\n            \u001b[36m>\u001b[39m\n              \u001b[0mОтмена\u001b[0m\n            \u001b[36m</button>\u001b[39m\n          \u001b[36m</div>\u001b[39m\n        \u001b[36m</form>\u001b[39m\n      \u001b[36m</div>\u001b[39m\n    \u001b[36m</div>\u001b[39m\n  \u001b[36m</div>\u001b[39m\n\u001b[36m</body>\u001b[39m\n    at Object.getElementError (f:\\Projects\\otus-js-b-course-project\\node_modules\\@testing-library\\dom\\dist\\config.js:37:19)\n    at getAllByLabelText (f:\\Projects\\otus-js-b-course-project\\node_modules\\@testing-library\\dom\\dist\\queries\\label-text.js:108:40)\n    at f:\\Projects\\otus-js-b-course-project\\node_modules\\@testing-library\\dom\\dist\\query-helpers.js:52:17\n    at f:\\Projects\\otus-js-b-course-project\\node_modules\\@testing-library\\dom\\dist\\query-helpers.js:95:19\n    at f:\\Projects\\otus-js-b-course-project\\src\\test\\pages\\CreateEvening.test.tsx:54:19\n    at file:///f:/Projects/otus-js-b-course-project/node_modules/@vitest/runner/dist/index.js:174:14\n    at file:///f:/Projects/otus-js-b-course-project/node_modules/@vitest/runner/dist/index.js:563:28\n    at file:///f:/Projects/otus-js-b-course-project/node_modules/@vitest/runner/dist/index.js:61:24\n    at new Promise (<anonymous>)\n    at runWithTimeout (file:///f:/Projects/otus-js-b-course-project/node_modules/@vitest/runner/dist/index.js:41:12)"
          ],
          "meta": {}
        },
        {
          "ancestorTitles": ["CreateEvening"],
          "fullName": "CreateEvening disables submit when title is empty",
          "status": "passed",
          "title": "disables submit when title is empty",
          "duration": 198.91769999999997,
          "failureMessages": [],
          "meta": {}
        },
        {
          "ancestorTitles": ["CreateEvening"],
          "fullName": "CreateEvening navigates to home on cancel",
          "status": "passed",
          "title": "navigates to home on cancel",
          "duration": 45.70380000000023,
          "failureMessages": [],
          "meta": {}
        }
      ],
      "startTime": 1779217779009,
      "endTime": 1779217779357.7039,
      "status": "failed",
      "message": "",
      "name": "f:/Projects/otus-js-b-course-project/src/test/pages/CreateEvening.test.tsx"
    },
    {
      "assertionResults": [
        {
          "ancestorTitles": ["EveningDetail"],
          "fullName": "EveningDetail shows loading state initially",
          "status": "passed",
          "title": "shows loading state initially",
          "duration": 169.85879999999997,
          "failureMessages": [],
          "meta": {}
        },
        {
          "ancestorTitles": ["EveningDetail"],
          "fullName": "EveningDetail renders evening details when loaded",
          "status": "passed",
          "title": "renders evening details when loaded",
          "duration": 85.4652000000001,
          "failureMessages": [],
          "meta": {}
        },
        {
          "ancestorTitles": ["EveningDetail"],
          "fullName": "EveningDetail shows error when evening not found",
          "status": "passed",
          "title": "shows error when evening not found",
          "duration": 22.702200000000175,
          "failureMessages": [],
          "meta": {}
        },
        {
          "ancestorTitles": ["EveningDetail"],
          "fullName": "EveningDetail shows delete button for evening owner",
          "status": "failed",
          "title": "shows delete button for evening owner",
          "duration": 1020.7954999999997,
          "failureMessages": [
            "Error: Found multiple elements with the text: Удалить\n\nHere are the matching elements:\n\nIgnored nodes: comments, script, style\n\u001b[36m<button\u001b[39m\n  \u001b[33mclass\u001b[39m=\u001b[32m\"inline-flex items-center justify-center font-medium transition-colors duration-200 rounded-lg focus:outline-none focus:ring-2 focus:ring-offset-2 focus:ring-offset-dark-900 bg-red-600 text-white hover:bg-red-700 focus:ring-red-500 px-3 py-1.5 text-sm cursor-pointer \"\u001b[39m\n\u001b[36m>\u001b[39m\n  \u001b[0mУдалить\u001b[0m\n\u001b[36m</button>\u001b[39m\n\nIgnored nodes: comments, script, style\n\u001b[36m<button\u001b[39m\n  \u001b[33mclass\u001b[39m=\u001b[32m\"inline-flex items-center justify-center font-medium transition-colors duration-200 rounded-lg focus:outline-none focus:ring-2 focus:ring-offset-2 focus:ring-offset-dark-900 bg-red-600 text-white hover:bg-red-700 focus:ring-red-500 px-3 py-1.5 text-sm cursor-pointer \"\u001b[39m\n\u001b[36m>\u001b[39m\n  \u001b[0mУдалить\u001b[0m\n\u001b[36m</button>\u001b[39m\n\n(If this is intentional, then use the `*AllBy*` variant of the query (like `queryAllByText`, `getAllByText`, or `findAllByText`)).\n\nIgnored nodes: comments, script, style\n\u001b[36m<body>\u001b[39m\n  \u001b[36m<div>\u001b[39m\n    \u001b[36m<div\u001b[39m\n      \u001b[33mclass\u001b[39m=\u001b[32m\"max-w-4xl mx-auto\"\u001b[39m\n    \u001b[36m>\u001b[39m\n      \u001b[36m<div\u001b[39m\n        \u001b[33mclass\u001b[39m=\u001b[32m\"mb-6\"\u001b[39m\n      \u001b[36m>\u001b[39m\n        \u001b[36m<a\u001b[39m\n          \u001b[33mclass\u001b[39m=\u001b[32m\"text-primary-500 hover:text-primary-400\"\u001b[39m\n          \u001b[33mhref\u001b[39m=\u001b[32m\"/\"\u001b[39m\n        \u001b[36m>\u001b[39m\n          \u001b[0m← Назад к списку\u001b[0m\n        \u001b[36m</a>\u001b[39m\n      \u001b[36m</div>\u001b[39m\n      \u001b[36m<div\u001b[39m\n        \u001b[33mclass\u001b[39m=\u001b[32m\"bg-dark-800 rounded-xl shadow-lg p-6  \"\u001b[39m\n      \u001b[36m>\u001b[39m\n        \u001b[36m<div\u001b[39m\n          \u001b[33mclass\u001b[39m=\u001b[32m\"flex items-start justify-between mb-4\"\u001b[39m\n        \u001b[36m>\u001b[39m\n          \u001b[36m<h1\u001b[39m\n            \u001b[33mclass\u001b[39m=\u001b[32m\"text-3xl font-bold text-dark-100\"\u001b[39m\n          \u001b[36m>\u001b[39m\n            \u001b[0mTest Evening\u001b[0m\n          \u001b[36m</h1>\u001b[39m\n          \u001b[36m<div\u001b[39m\n            \u001b[33mclass\u001b[39m=\u001b[32m\"flex items-center space-x-3\"\u001b[39m\n          \u001b[36m>\u001b[39m\n            \u001b[36m<button\u001b[39m\n              \u001b[33mclass\u001b[39m=\u001b[32m\"inline-flex items-center justify-center font-medium transition-colors duration-200 rounded-lg focus:outline-none focus:ring-2 focus:ring-offset-2 focus:ring-offset-dark-900 bg-red-600 text-white hover:bg-red-700 focus:ring-red-500 px-3 py-1.5 text-sm cursor-pointer \"\u001b[39m\n            \u001b[36m>\u001b[39m\n              \u001b[0mУдалить\u001b[0m\n            \u001b[36m</button>\u001b[39m\n          \u001b[36m</div>\u001b[39m\n        \u001b[36m</div>\u001b[39m\n        \u001b[36m<p\u001b[39m\n          \u001b[33mclass\u001b[39m=\u001b[32m\"text-dark-300 mb-4\"\u001b[39m\n        \u001b[36m>\u001b[39m\n          \u001b[0mTest description\u001b[0m\n        \u001b[36m</p>\u001b[39m\n        \u001b[36m<div\u001b[39m\n          \u001b[33mclass\u001b[39m=\u001b[32m\"flex items-center text-sm text-dark-500 mb-6\"\u001b[39m\n        \u001b[36m>\u001b[39m\n          \u001b[36m<span>\u001b[39m\n            \u001b[0m15 июня 2024 г. в 21:00\u001b[0m\n          \u001b[36m</span>\u001b[39m\n          \u001b[36m<span\u001b[39m\n            \u001b[33mclass\u001b[39m=\u001b[32m\"mx-2\"\u001b[39m\n          \u001b[36m>\u001b[39m\n            \u001b[0m•\u001b[0m\n          \u001b[36m</span>\u001b[39m\n          \u001b[36m<span>\u001b[39m\n            \u001b[0mАвтор: \u001b[0m\n            \u001b[0mTestUser\u001b[0m\n          \u001b[36m</span>\u001b[39m\n        \u001b[36m</div>\u001b[39m\n        \u001b[36m<div\u001b[39m\n          \u001b[33mclass\u001b[39m=\u001b[32m\"border-t border-dark-700 pt-6\"\u001b[39m\n        \u001b[36m>\u001b[39m\n          \u001b[36m<h2\u001b[39m\n            \u001b[33mclass\u001b[39m=\u001b[32m\"text-xl font-semibold text-dark-100 mb-4\"\u001b[39m\n          \u001b[36m>\u001b[39m\n            \u001b[0mФильмы\u001b[0m\n          \u001b[36m</h2>\u001b[39m\n          \u001b[36m<div\u001b[39m\n            \u001b[33mclass\u001b[39m=\u001b[32m\"space-y-3 mb-6\"\u001b[39m\n          \u001b[36m>\u001b[39m\n            \u001b[36m<div\u001b[39m\n              \u001b[33mclass\u001b[39m=\u001b[32m\"flex items-center justify-between p-4 bg-dark-750 rounded-lg\"\u001b[39m\n            \u001b[36m>\u001b[39m\n              \u001b[36m<div\u001b[39m\n                \u001b[33mclass\u001b[39m=\u001b[32m\"flex items-center space-x-4 min-w-0\"\u001b[39m\n              \u001b[36m>\u001b[39m\n                \u001b[36m<img\u001b[39m\n                  \u001b[33malt\u001b[39m=\u001b[32m\"Inception\"\u001b[39m\n                  \u001b[33mclass\u001b[39m=\u001b[32m\"w-12 h-16 object-cover rounded flex-shrink-0\"\u001b[39m\n                  \u001b[33msrc\u001b[39m=\u001b[32m\"https://image.tmdb.org/t/p/w92/poster.jpg\"\u001b[39m\n                \u001b[36m/>\u001b[39m\n                \u001b[36m<div>\u001b[39m\n                  \u001b[36m<h3\u001b[39m\n                    \u001b[33mclass\u001b[39m=\u001b[32m\"text-dark-100 font-medium truncate max-w-[200px] sm:max-w-[300px]\"\u001b[39m\n                  \u001b[36m>\u001b[39m\n                    \u001b[0mInception\u001b[0m\n                  \u001b[36m</h3>\u001b[39m\n                  \u001b[36m<p\u001b[39m\n                    \u001b[33mclass\u001b[39m=\u001b[32m\"text-sm text-dark-500\"\u001b[39m\n                  \u001b[36m>\u001b[39m\n                    \u001b[0m2010\u001b[0m\n                  \u001b[36m</p>\u001b[39m\n                  \u001b[36m<p\u001b[39m\n                    \u001b[33mclass\u001b[39m=\u001b[32m\"text-sm text-dark-500\"\u001b[39m\n                  \u001b[36m>\u001b[39m\n                    \u001b[0m★ IMDB: N/A\u001b[0m\n                  \u001b[36m</p>\u001b[39m\n                  \u001b[36m<p\u001b[39m\n                    \u001b[33mclass\u001b[39m=\u001b[32m\"text-sm text-dark-500\"\u001b[39m\n                  \u001b[36m>\u001b[39m\n                    \u001b[0m★ Кинопоиск: N/A\u001b[0m\n                  \u001b[36m</p>\u001b[39m\n                \u001b[36m</div>\u001b[39m\n              \u001b[36m</div>\u001b[39m\n              \u001b[36m<div\u001b[39m\n                \u001b[33mclass\u001b[39m=\u001b[32m\"flex items-center space-x-4 flex-shrink-0\"\u001b[39m\n              \u001b[36m>\u001b[39m\n                \u001b[36m<button\u001b[39m\n                  \u001b[33mclass\u001b[39m=\u001b[32m\"flex flex-col items-center justify-center w-14 h-14 rounded-lg transition-colors duration-200 hover:bg-dark-700 disabled:opacity-50 disabled:cursor-not-allowed\"\u001b[39m\n                  \u001b[33mtitle\u001b[39m=\u001b[32m\"Убрать голос\"\u001b[39m\n                \u001b[36m>\u001b[39m\n                  \u001b[36m<svg\u001b[39m\n                    \u001b[33mclass\u001b[39m=\u001b[32m\"w-6 h-6 text-red-500 hover:text-red-400 transition-colors\"\u001b[39m\n                    \u001b[33mfill\u001b[39m=\u001b[32m\"currentColor\"\u001b[39m\n                    \u001b[33mviewBox\u001b[39m=\u001b[32m\"0 0 24 24\"\u001b[39m\n                    \u001b[33mxmlns\u001b[39m=\u001b[32m\"http://www.w3.org/2000/svg\"\u001b[39m\n                  \u001b[36m>\u001b[39m\n                    \u001b[36m<path\u001b[39m\n                      \u001b[33md\u001b[39m=\u001b[32m\"M11.645 20.91l-.007-.003-.022-.012a15.247 15.247 0 01-.383-.218 25.18 25.18 0 01-4.244-3.17C4.688 15.36 2.25 12.174 2.25 8.25 2.25 5.322 4.714 3 7.688 3A5.5 5.5 0 0112 5.052 5.5 5.5 0 0116.313 3c2.973 0 5.437 2.322 5.437 5.25 0 3.925-2.438 7.111-4.739 9.256a25.175 25.175 0 01-4.244 3.17 15.247 15.247 0 01-.383.219l-.022.012-.007.004-.003.001a.752.752 0 01-.704 0l-.003-.001z\"\u001b[39m\n                    \u001b[36m/>\u001b[39m\n                  \u001b[36m</svg>\u001b[39m\n                  \u001b[36m<span\u001b[39m\n                    \u001b[33mclass\u001b[39m=\u001b[32m\"text-sm font-semibold mt-0.5 text-red-500\"\u001b[39m\n                  \u001b[36m>\u001b[39m\n                    \u001b[0m1\u001b[0m\n                  \u001b[36m</span>\u001b[39m\n                \u001b[36m</button>\u001b[39m\n                \u001b[36m<button\u001b[39m\n                  \u001b[33mclass\u001b[39m=\u001b[32m\"inline-flex items-center justify-center font-medium transition-colors duration-200 rounded-lg focus:outline-none focus:ring-2 focus:ring-offset-2 focus:ring-offset-dark-900 bg-red-600 text-white hover:bg-red-700 focus:ring-red-500 px-3 py-1.5 text-sm cursor-pointer \"\u001b[39m\n                \u001b[36m>\u001b[39m\n                  \u001b[0mУдалить\u001b[0m\n                \u001b[36m</button>\u001b[39m\n              \u001b[36m</div>\u001b[39m\n            \u001b[36m</div>\u001b[39m\n          \u001b[36m</div>\u001b[39m\n          \u001b[36m<a\u001b[39m\n            \u001b[33mhref\u001b[39m=\u001b[32m\"/evenings/evening-1/movies\"\u001b[39m\n          \u001b[36m>\u001b[39m\n            \u001b[36m<button\u001b[39m\n              \u001b[33mclass\u001b[39m=\u001b[32m\"inline-flex items-center justify-center font-medium transition-colors duration-200 rounded-lg focus:outline-none focus:ring-2 focus:ring-offset-2 focus:ring-offset-dark-900 bg-dark-700 text-dark-100 hover:bg-dark-600 focus:ring-dark-500 px-4 py-2 text-base cursor-pointer \"\u001b[39m\n            \u001b[36m>\u001b[39m\n              \u001b[0mДобавить фильм\u001b[0m\n            \u001b[36m</button>\u001b[39m\n          \u001b[36m</a>\u001b[39m\n        \u001b[36m</div>\u001b[39m\n        \u001b[36m<div\u001b[39m\n          \u001b[33mclass\u001b[39m=\u001b[32m\"border-t border-dark-700 pt-6 mt-6\"\u001b[39m\n        \u001b[36m>\u001b[39m\n          \u001b[36m<h2\u001b[39m\n            \u001b[33mclass\u001b[39m=\u001b[32m\"text-xl font-semibold text-dark-100 mb-4\"\u001b[39m\n          \u001b[36m>\u001b[39m\n            \u001b[0mКомментарии\u001b[0m\n          \u001b[36m</h2>\u001b[39m\n          \u001b[36m<div\u001b[39m\n            \u001b[33mclass\u001b[39m=\u001b[32m\"space-y-3 mb-4\"\u001b[39m\n          \u001b[36m>\u001b[39m\n            \u001b[36m<div\u001b[39m\n              \u001b[33mclass\u001b[39m=\u001b[32m\"p-4 bg-dark-750 rounded-lg\"\u001b[39m\n            \u001b[36m>\u001b[39m\n              \u001b[36m<div\u001b[39m\n                \u001b[33mclass\u001b[39m=\u001b[32m\"flex items-center justify-between mb-2\"\u001b[39m\n              \u001b[36m>\u001b[39m\n                \u001b[36m<span\u001b[39m\n                  \u001b[33mclass\u001b[39m=\u001b[32m\"font-medium text-dark-100\"\u001b[39m\n                \u001b[36m>\u001b[39m\n                  \u001b[0mTestUser\u001b[0m\n                \u001b[36m</span>\u001b[39m\n                \u001b[36m<span\u001b[39m\n                  \u001b[33mclass\u001b[39m=\u001b[32m\"text-sm text-dark-500\"\u001b[39m\n                \u001b[36m>\u001b[39m\n                  \u001b[0m15.06.2024, 22:00:00\u001b[0m\n                \u001b[36m</span>\u001b[39m\n              \u001b[36m</div>\u001b[39m\n              \u001b[36m<p\u001b[39m\n                \u001b[33mclass\u001b[39m=\u001b[32m\"text-dark-300\"\u001b[39m\n              \u001b[36m>\u001b[39m\n         
[...]
          "end": { "line": 59, "column": 53 }
        },
        "59": {
          "start": { "line": 60, "column": 0 },
          "end": { "line": 60, "column": 128 }
        },
        "60": {
          "start": { "line": 61, "column": 0 },
          "end": { "line": 61, "column": 51 }
        },
        "61": {
          "start": { "line": 62, "column": 0 },
          "end": { "line": 62, "column": 16 }
        },
        "62": {
          "start": { "line": 63, "column": 0 },
          "end": { "line": 63, "column": 15 }
        },
        "63": {
          "start": { "line": 64, "column": 0 },
          "end": { "line": 64, "column": 81 }
        },
        "64": {
          "start": { "line": 65, "column": 0 },
          "end": { "line": 65, "column": 62 }
        },
        "65": {
          "start": { "line": 66, "column": 0 },
          "end": { "line": 66, "column": 54 }
        },
        "66": {
          "start": { "line": 67, "column": 0 },
          "end": { "line": 67, "column": 85 }
        },
        "67": {
          "start": { "line": 68, "column": 0 },
          "end": { "line": 68, "column": 16 }
        },
        "68": {
          "start": { "line": 69, "column": 0 },
          "end": { "line": 69, "column": 16 }
        },
        "69": {
          "start": { "line": 70, "column": 0 },
          "end": { "line": 70, "column": 14 }
        },
        "70": {
          "start": { "line": 71, "column": 0 },
          "end": { "line": 71, "column": 13 }
        },
        "72": {
          "start": { "line": 73, "column": 0 },
          "end": { "line": 73, "column": 85 }
        },
        "74": {
          "start": { "line": 75, "column": 0 },
          "end": { "line": 75, "column": 32 }
        },
        "75": {
          "start": { "line": 76, "column": 0 },
          "end": { "line": 76, "column": 86 }
        },
        "77": {
          "start": { "line": 78, "column": 0 },
          "end": { "line": 78, "column": 63 }
        },
        "78": {
          "start": { "line": 79, "column": 0 },
          "end": { "line": 79, "column": 38 }
        },
        "79": {
          "start": { "line": 80, "column": 0 },
          "end": { "line": 80, "column": 64 }
        },
        "80": {
          "start": { "line": 81, "column": 0 },
          "end": { "line": 81, "column": 77 }
        },
        "81": {
          "start": { "line": 82, "column": 0 },
          "end": { "line": 82, "column": 29 }
        },
        "82": {
          "start": { "line": 83, "column": 0 },
          "end": { "line": 83, "column": 28 }
        },
        "83": {
          "start": { "line": 84, "column": 0 },
          "end": { "line": 84, "column": 30 }
        },
        "84": {
          "start": { "line": 85, "column": 0 },
          "end": { "line": 85, "column": 15 }
        },
        "86": {
          "start": { "line": 87, "column": 0 },
          "end": { "line": 87, "column": 20 }
        },
        "87": {
          "start": { "line": 88, "column": 0 },
          "end": { "line": 88, "column": 68 }
        },
        "88": {
          "start": { "line": 89, "column": 0 },
          "end": { "line": 89, "column": 88 }
        },
        "89": {
          "start": { "line": 90, "column": 0 },
          "end": { "line": 90, "column": 75 }
        },
        "90": {
          "start": { "line": 91, "column": 0 },
          "end": { "line": 91, "column": 35 }
        },
        "91": {
          "start": { "line": 92, "column": 0 },
          "end": { "line": 92, "column": 23 }
        },
        "92": {
          "start": { "line": 93, "column": 0 },
          "end": { "line": 93, "column": 73 }
        },
        "93": {
          "start": { "line": 94, "column": 0 },
          "end": { "line": 94, "column": 41 }
        },
        "94": {
          "start": { "line": 95, "column": 0 },
          "end": { "line": 95, "column": 22 }
        },
        "95": {
          "start": { "line": 96, "column": 0 },
          "end": { "line": 96, "column": 91 }
        },
        "96": {
          "start": { "line": 97, "column": 0 },
          "end": { "line": 97, "column": 48 }
        },
        "97": {
          "start": { "line": 98, "column": 0 },
          "end": { "line": 98, "column": 24 }
        },
        "98": {
          "start": { "line": 99, "column": 0 },
          "end": { "line": 99, "column": 23 }
        },
        "99": {
          "start": { "line": 100, "column": 0 },
          "end": { "line": 100, "column": 21 }
        },
        "101": {
          "start": { "line": 102, "column": 0 },
          "end": { "line": 102, "column": 13 }
        },
        "102": {
          "start": { "line": 103, "column": 0 },
          "end": { "line": 103, "column": 14 }
        },
        "104": {
          "start": { "line": 105, "column": 0 },
          "end": { "line": 105, "column": 10 }
        },
        "106": {
          "start": { "line": 107, "column": 0 },
          "end": { "line": 107, "column": 2 }
        }
      },
      "s": {
        "0": 0,
        "9": 0,
        "10": 0,
        "12": 0,
        "13": 0,
        "14": 0,
        "15": 0,
        "17": 0,
        "18": 0,
        "20": 0,
        "21": 0,
        "22": 0,
        "23": 0,
        "25": 0,
        "26": 0,
        "27": 0,
        "28": 0,
        "30": 0,
        "31": 0,
        "32": 0,
        "33": 0,
        "34": 0,
        "35": 0,
        "36": 0,
        "37": 0,
        "38": 0,
        "40": 0,
        "41": 0,
        "43": 0,
        "45": 0,
        "46": 0,
        "47": 0,
        "49": 0,
        "50": 0,
        "51": 0,
        "52": 0,
        "54": 0,
        "55": 0,
        "57": 0,
        "58": 0,
        "59": 0,
        "60": 0,
        "61": 0,
        "62": 0,
        "63": 0,
        "64": 0,
        "65": 0,
        "66": 0,
        "67": 0,
        "68": 0,
        "69": 0,
        "70": 0,
        "72": 0,
        "74": 0,
        "75": 0,
        "77": 0,
        "78": 0,
        "79": 0,
        "80": 0,
        "81": 0,
        "82": 0,
        "83": 0,
        "84": 0,
        "86": 0,
        "87": 0,
        "88": 0,
        "89": 0,
        "90": 0,
        "91": 0,
        "92": 0,
        "93": 0,
        "94": 0,
        "95": 0,
        "96": 0,
        "97": 0,
        "98": 0,
        "99": 0,
        "101": 0,
        "102": 0,
        "104": 0,
        "106": 0
      },
      "branchMap": {
        "0": {
          "type": "branch",
          "line": 1,
          "loc": {
            "start": { "line": 1, "column": 0 },
            "end": { "line": 107, "column": -1790 }
          },
          "locations": [
            {
              "start": { "line": 1, "column": 0 },
              "end": { "line": 107, "column": -1790 }
            }
          ]
        }
      },
      "b": { "0": [0] },
      "fnMap": {
        "0": {
          "name": "(empty-report)",
          "decl": {
            "start": { "line": 1, "column": 0 },
            "end": { "line": 107, "column": -1790 }
          },
          "loc": {
            "start": { "line": 1, "column": 0 },
            "end": { "line": 107, "column": -1790 }
          },
          "line": 1
        }
      },
      "f": { "0": 0 }
    },
    "F:\\Projects\\otus-js-b-course-project\\src\\pages\\UsersList.tsx": {
      "path": "F:\\Projects\\otus-js-b-course-project\\src\\pages\\UsersList.tsx",
      "all": true,
      "statementMap": {
        "0": {
          "start": { "line": 1, "column": 0 },
          "end": { "line": 1, "column": 26 }
        },
        "10": {
          "start": { "line": 11, "column": 0 },
          "end": { "line": 11, "column": 42 }
        },
        "11": {
          "start": { "line": 12, "column": 0 },
          "end": { "line": 12, "column": 95 }
        },
        "12": {
          "start": { "line": 13, "column": 0 },
          "end": { "line": 13, "column": 40 }
        },
        "13": {
          "start": { "line": 14, "column": 0 },
          "end": { "line": 14, "column": 4 }
        },
        "15": {
          "start": { "line": 16, "column": 0 },
          "end": { "line": 16, "column": 36 }
        },
        "17": {
          "start": { "line": 18, "column": 0 },
          "end": { "line": 18, "column": 14 }
        },
        "18": {
          "start": { "line": 19, "column": 0 },
          "end": { "line": 19, "column": 78 }
        },
        "19": {
          "start": { "line": 20, "column": 0 },
          "end": { "line": 20, "column": 3 }
        },
        "21": {
          "start": { "line": 22, "column": 0 },
          "end": { "line": 22, "column": 10 }
        },
        "22": {
          "start": { "line": 23, "column": 0 },
          "end": { "line": 23, "column": 39 }
        },
        "23": {
          "start": { "line": 24, "column": 0 },
          "end": { "line": 24, "column": 77 }
        },
        "25": {
          "start": { "line": 26, "column": 0 },
          "end": { "line": 26, "column": 29 }
        },
        "26": {
          "start": { "line": 27, "column": 0 },
          "end": { "line": 27, "column": 14 }
        },
        "27": {
          "start": { "line": 28, "column": 0 },
          "end": { "line": 28, "column": 66 }
        },
        "28": {
          "start": { "line": 29, "column": 0 },
          "end": { "line": 29, "column": 15 }
        },
        "30": {
          "start": { "line": 31, "column": 0 },
          "end": { "line": 31, "column": 10 }
        },
        "31": {
          "start": { "line": 32, "column": 0 },
          "end": { "line": 32, "column": 80 }
        },
        "32": {
          "start": { "line": 33, "column": 0 },
          "end": { "line": 33, "column": 34 }
        },
        "33": {
          "start": { "line": 34, "column": 0 },
          "end": { "line": 34, "column": 59 }
        },
        "34": {
          "start": { "line": 35, "column": 0 },
          "end": { "line": 35, "column": 88 }
        },
        "35": {
          "start": { "line": 36, "column": 0 },
          "end": { "line": 36, "column": 63 }
        },
        "36": {
          "start": { "line": 37, "column": 0 },
          "end": { "line": 37, "column": 137 }
        },
        "37": {
          "start": { "line": 38, "column": 0 },
          "end": { "line": 38, "column": 61 }
        },
        "38": {
          "start": { "line": 39, "column": 0 },
          "end": { "line": 39, "column": 26 }
        },
        "39": {
          "start": { "line": 40, "column": 0 },
          "end": { "line": 40, "column": 25 }
        },
        "40": {
          "start": { "line": 41, "column": 0 },
          "end": { "line": 41, "column": 74 }
        },
        "41": {
          "start": { "line": 42, "column": 0 },
          "end": { "line": 42, "column": 39 }
        },
        "42": {
          "start": { "line": 43, "column": 0 },
          "end": { "line": 43, "column": 27 }
        },
        "43": {
          "start": { "line": 44, "column": 0 },
          "end": { "line": 44, "column": 75 }
        },
        "44": {
          "start": { "line": 45, "column": 0 },
          "end": { "line": 45, "column": 26 }
        },
        "45": {
          "start": { "line": 46, "column": 0 },
          "end": { "line": 46, "column": 24 }
        },
        "46": {
          "start": { "line": 47, "column": 0 },
          "end": { "line": 47, "column": 62 }
        },
        "47": {
          "start": { "line": 48, "column": 0 },
          "end": { "line": 48, "column": 91 }
        },
        "48": {
          "start": { "line": 49, "column": 0 },
          "end": { "line": 49, "column": 24 }
        },
        "49": {
          "start": { "line": 50, "column": 0 },
          "end": { "line": 50, "column": 23 }
        },
        "50": {
          "start": { "line": 51, "column": 0 },
          "end": { "line": 51, "column": 21 }
        },
        "51": {
          "start": { "line": 52, "column": 0 },
          "end": { "line": 52, "column": 15 }
        },
        "52": {
          "start": { "line": 53, "column": 0 },
          "end": { "line": 53, "column": 16 }
        },
        "54": {
          "start": { "line": 55, "column": 0 },
          "end": { "line": 55, "column": 30 }
        },
        "55": {
          "start": { "line": 56, "column": 0 },
          "end": { "line": 56, "column": 77 }
        },
        "56": {
          "start": { "line": 57, "column": 0 },
          "end": { "line": 57, "column": 21 }
        },
        "57": {
          "start": { "line": 58, "column": 0 },
          "end": { "line": 58, "column": 66 }
        },
        "58": {
          "start": { "line": 59, "column": 0 },
          "end": { "line": 59, "column": 36 }
        },
        "59": {
          "start": { "line": 60, "column": 0 },
          "end": { "line": 60, "column": 35 }
        },
        "60": {
          "start": { "line": 61, "column": 0 },
          "end": { "line": 61, "column": 15 }
        },
        "62": {
          "start": { "line": 63, "column": 0 },
          "end": { "line": 63, "column": 23 }
        },
        "63": {
          "start": { "line": 64, "column": 0 },
          "end": { "line": 64, "column": 54 }
        },
        "64": {
          "start": { "line": 65, "column": 0 },
          "end": { "line": 65, "column": 47 }
        },
        "65": {
          "start": { "line": 66, "column": 0 },
          "end": { "line": 66, "column": 21 }
        },
        "66": {
          "start": { "line": 67, "column": 0 },
          "end": { "line": 67, "column": 21 }
        },
        "67": {
          "start": { "line": 68, "column": 0 },
          "end": { "line": 68, "column": 75 }
        },
        "68": {
          "start": { "line": 69, "column": 0 },
          "end": { "line": 69, "column": 45 }
        },
        "69": {
          "start": { "line": 70, "column": 0 },
          "end": { "line": 70, "column": 35 }
        },
        "70": {
          "start": { "line": 71, "column": 0 },
          "end": { "line": 71, "column": 15 }
        },
        "72": {
          "start": { "line": 73, "column": 0 },
          "end": { "line": 73, "column": 23 }
        },
        "73": {
          "start": { "line": 74, "column": 0 },
          "end": { "line": 74, "column": 18 }
        },
        "75": {
          "start": { "line": 76, "column": 0 },
          "end": { "line": 76, "column": 11 }
        },
        "77": {
          "start": { "line": 78, "column": 0 },
          "end": { "line": 78, "column": 10 }
        },
        "79": {
          "start": { "line": 80, "column": 0 },
          "end": { "line": 80, "column": 2 }
        }
      },
      "s": {
        "0": 0,
        "10": 0,
        "11": 0,
        "12": 0,
        "13": 0,
        "15": 0,
        "17": 0,
        "18": 0,
        "19": 0,
        "21": 0,
        "22": 0,
        "23": 0,
        "25": 0,
        "26": 0,
        "27": 0,
        "28": 0,
        "30": 0,
        "31": 0,
        "32": 0,
        "33": 0,
        "34": 0,
        "35": 0,
        "36": 0,
        "37": 0,
        "38": 0,
        "39": 0,
        "40": 0,
        "41": 0,
        "42": 0,
        "43": 0,
        "44": 0,
        "45": 0,
        "46": 0,
        "47": 0,
        "48": 0,
        "49": 0,
        "50": 0,
        "51": 0,
        "52": 0,
        "54": 0,
        "55": 0,
        "56": 0,
        "57": 0,
        "58": 0,
        "59": 0,
        "60": 0,
        "62": 0,
        "63": 0,
        "64": 0,
        "65": 0,
        "66": 0,
        "67": 0,
        "68": 0,
        "69": 0,
        "70": 0,
        "72": 0,
        "73": 0,
        "75": 0,
        "77": 0,
        "79": 0
      },
      "branchMap": {
        "0": {
          "type": "branch",
          "line": 1,
          "loc": {
            "start": { "line": 1, "column": 0 },
            "end": { "line": 80, "column": -1945 }
          },
          "locations": [
            {
              "start": { "line": 1, "column": 0 },
              "end": { "line": 80, "column": -1945 }
            }
          ]
        }
      },
      "b": { "0": [0] },
      "fnMap": {
        "0": {
          "name": "(empty-report)",
          "decl": {
            "start": { "line": 1, "column": 0 },
            "end": { "line": 80, "column": -1945 }
          },
          "loc": {
            "start": { "line": 1, "column": 0 },
            "end": { "line": 80, "column": -1945 }
          },
          "line": 1
        }
      },
      "f": { "0": 0 }
    },
    "F:\\Projects\\otus-js-b-course-project\\src\\utils\\authEvents.ts": {
      "path": "F:\\Projects\\otus-js-b-course-project\\src\\utils\\authEvents.ts",
      "all": true,
      "statementMap": {
        "2": {
          "start": { "line": 3, "column": 0 },
          "end": { "line": 3, "column": 24 }
        },
        "3": {
          "start": { "line": 4, "column": 0 },
          "end": { "line": 4, "column": 62 }
        },
        "5": {
          "start": { "line": 6, "column": 0 },
          "end": { "line": 6, "column": 64 }
        },
        "6": {
          "start": { "line": 7, "column": 0 },
          "end": { "line": 7, "column": 33 }
        },
        "7": {
          "start": { "line": 8, "column": 0 },
          "end": { "line": 8, "column": 33 }
        },
        "8": {
          "start": { "line": 9, "column": 0 },
          "end": { "line": 9, "column": 5 }
        },
        "9": {
          "start": { "line": 10, "column": 0 },
          "end": { "line": 10, "column": 41 }
        },
        "10": {
          "start": { "line": 11, "column": 0 },
          "end": { "line": 11, "column": 3 }
        },
        "12": {
          "start": { "line": 13, "column": 0 },
          "end": { "line": 13, "column": 65 }
        },
        "13": {
          "start": { "line": 14, "column": 0 },
          "end": { "line": 14, "column": 39 }
        },
        "14": {
          "start": { "line": 15, "column": 0 },
          "end": { "line": 15, "column": 80 }
        },
        "15": {
          "start": { "line": 16, "column": 0 },
          "end": { "line": 16, "column": 3 }
        },
        "17": {
          "start": { "line": 18, "column": 0 },
          "end": { "line": 18, "column": 37 }
        },
        "18": {
          "start": { "line": 19, "column": 0 },
          "end": { "line": 19, "column": 47 }
        },
        "19": {
          "start": { "line": 20, "column": 0 },
          "end": { "line": 20, "column": 3 }
        },
        "20": {
          "start": { "line": 21, "column": 0 },
          "end": { "line": 21, "column": 1 }
        },
        "22": {
          "start": { "line": 23, "column": 0 },
          "end": { "line": 23, "column": 49 }
        }
      },
      "s": {
        "2": 0,
        "3": 0,
        "5": 0,
        "6": 0,
        "7": 0,
        "8": 0,
        "9": 0,
        "10": 0,
        "12": 0,
        "13": 0,
        "14": 0,
        "15": 0,
        "17": 0,
        "18": 0,
        "19": 0,
        "20": 0,
        "22": 0
      },
      "branchMap": {
        "0": {
          "type": "branch",
          "line": 1,
          "loc": {
            "start": { "line": 1, "column": 669 },
            "end": { "line": 23, "column": 49 }
          },
          "locations": [
            {
              "start": { "line": 1, "column": 669 },
              "end": { "line": 23, "column": 49 }
            }
          ]
        }
      },
      "b": { "0": [1] },
      "fnMap": {
        "0": {
          "name": "(empty-report)",
          "decl": {
            "start": { "line": 1, "column": 669 },
            "end": { "line": 23, "column": 49 }
          },
          "loc": {
            "start": { "line": 1, "column": 669 },
            "end": { "line": 23, "column": 49 }
          },
          "line": 1
        }
      },
      "f": { "0": 1 }
    }
  }
}
